[0.009s] Invoking command in '/home/ponwalai/solar_ws/build/solar': CMAKE_PREFIX_PATH=${CMAKE_PREFIX_PATH}:/home/ponwalai/ros2_ws/install/launch_testing_examples:/home/ponwalai/ros2_ws/install/examples_rclpy_pointcloud_publisher:/home/ponwalai/ros2_ws/install/examples_rclpy_minimal_subscriber:/home/ponwalai/ros2_ws/install/examples_rclpy_minimal_service:/home/ponwalai/ros2_ws/install/examples_rclpy_minimal_publisher:/home/ponwalai/ros2_ws/install/examples_rclpy_minimal_client:/home/ponwalai/ros2_ws/install/examples_rclpy_minimal_action_server:/home/ponwalai/ros2_ws/install/examples_rclpy_minimal_action_client:/home/ponwalai/ros2_ws/install/examples_rclpy_guard_conditions:/home/ponwalai/ros2_ws/install/examples_rclpy_executors:/opt/ros/humble /usr/bin/cmake --build /home/ponwalai/solar_ws/build/solar -- -j16 -l16
[0.041s] [100%] Built target cpp_node_test
[0.044s] [100%] Built target ament_cmake_python_copy_solar
[0.210s] running egg_info
[0.210s] writing solar.egg-info/PKG-INFO
[0.210s] writing dependency_links to solar.egg-info/dependency_links.txt
[0.210s] writing top-level names to solar.egg-info/top_level.txt
[0.212s] reading manifest file 'solar.egg-info/SOURCES.txt'
[0.212s] writing manifest file 'solar.egg-info/SOURCES.txt'
[0.229s] [100%] Built target ament_cmake_python_build_solar_egg
[0.236s] Invoked command in '/home/ponwalai/solar_ws/build/solar' returned '0': CMAKE_PREFIX_PATH=${CMAKE_PREFIX_PATH}:/home/ponwalai/ros2_ws/install/launch_testing_examples:/home/ponwalai/ros2_ws/install/examples_rclpy_pointcloud_publisher:/home/ponwalai/ros2_ws/install/examples_rclpy_minimal_subscriber:/home/ponwalai/ros2_ws/install/examples_rclpy_minimal_service:/home/ponwalai/ros2_ws/install/examples_rclpy_minimal_publisher:/home/ponwalai/ros2_ws/install/examples_rclpy_minimal_client:/home/ponwalai/ros2_ws/install/examples_rclpy_minimal_action_server:/home/ponwalai/ros2_ws/install/examples_rclpy_minimal_action_client:/home/ponwalai/ros2_ws/install/examples_rclpy_guard_conditions:/home/ponwalai/ros2_ws/install/examples_rclpy_executors:/opt/ros/humble /usr/bin/cmake --build /home/ponwalai/solar_ws/build/solar -- -j16 -l16
[0.255s] Invoking command in '/home/ponwalai/solar_ws/build/solar': CMAKE_PREFIX_PATH=${CMAKE_PREFIX_PATH}:/home/ponwalai/ros2_ws/install/launch_testing_examples:/home/ponwalai/ros2_ws/install/examples_rclpy_pointcloud_publisher:/home/ponwalai/ros2_ws/install/examples_rclpy_minimal_subscriber:/home/ponwalai/ros2_ws/install/examples_rclpy_minimal_service:/home/ponwalai/ros2_ws/install/examples_rclpy_minimal_publisher:/home/ponwalai/ros2_ws/install/examples_rclpy_minimal_client:/home/ponwalai/ros2_ws/install/examples_rclpy_minimal_action_server:/home/ponwalai/ros2_ws/install/examples_rclpy_minimal_action_client:/home/ponwalai/ros2_ws/install/examples_rclpy_guard_conditions:/home/ponwalai/ros2_ws/install/examples_rclpy_executors:/opt/ros/humble /usr/bin/cmake --install /home/ponwalai/solar_ws/build/solar
[0.260s] -- Install configuration: ""
[0.260s] -- Up-to-date: /home/ponwalai/solar_ws/install/solar/share/solar/environment/pythonpath.sh
[0.260s] -- Up-to-date: /home/ponwalai/solar_ws/install/solar/share/solar/environment/pythonpath.dsv
[0.260s] -- Up-to-date: /home/ponwalai/solar_ws/install/solar/local/lib/python3.10/dist-packages/solar-0.0.0-py3.10.egg-info
[0.260s] -- Installing: /home/ponwalai/solar_ws/install/solar/local/lib/python3.10/dist-packages/solar-0.0.0-py3.10.egg-info/PKG-INFO
[0.261s] -- Installing: /home/ponwalai/solar_ws/install/solar/local/lib/python3.10/dist-packages/solar-0.0.0-py3.10.egg-info/top_level.txt
[0.261s] -- Installing: /home/ponwalai/solar_ws/install/solar/local/lib/python3.10/dist-packages/solar-0.0.0-py3.10.egg-info/SOURCES.txt
[0.261s] -- Installing: /home/ponwalai/solar_ws/install/solar/local/lib/python3.10/dist-packages/solar-0.0.0-py3.10.egg-info/dependency_links.txt
[0.261s] -- Up-to-date: /home/ponwalai/solar_ws/install/solar/local/lib/python3.10/dist-packages/solar
[0.261s] -- Up-to-date: /home/ponwalai/solar_ws/install/solar/local/lib/python3.10/dist-packages/solar/__init__.py
[0.261s] -- Up-to-date: /home/ponwalai/solar_ws/install/solar/local/lib/python3.10/dist-packages/solar/dummy_module.py
[0.289s] Listing '/home/ponwalai/solar_ws/install/solar/local/lib/python3.10/dist-packages/solar'...
[0.292s] -- Up-to-date: /home/ponwalai/solar_ws/install/solar/lib/solar/dummy_script.py
[0.292s] -- Up-to-date: /home/ponwalai/solar_ws/install/solar/lib/solar/cpp_node_test
[0.292s] -- Up-to-date: /home/ponwalai/solar_ws/install/solar/share/solar
[0.292s] -- Up-to-date: /home/ponwalai/solar_ws/install/solar/share/ament_index/resource_index/package_run_dependencies/solar
[0.292s] -- Up-to-date: /home/ponwalai/solar_ws/install/solar/share/ament_index/resource_index/parent_prefix_path/solar
[0.292s] -- Up-to-date: /home/ponwalai/solar_ws/install/solar/share/solar/environment/ament_prefix_path.sh
[0.292s] -- Up-to-date: /home/ponwalai/solar_ws/install/solar/share/solar/environment/ament_prefix_path.dsv
[0.292s] -- Up-to-date: /home/ponwalai/solar_ws/install/solar/share/solar/environment/path.sh
[0.292s] -- Up-to-date: /home/ponwalai/solar_ws/install/solar/share/solar/environment/path.dsv
[0.292s] -- Up-to-date: /home/ponwalai/solar_ws/install/solar/share/solar/local_setup.bash
[0.293s] -- Up-to-date: /home/ponwalai/solar_ws/install/solar/share/solar/local_setup.sh
[0.293s] -- Up-to-date: /home/ponwalai/solar_ws/install/solar/share/solar/local_setup.zsh
[0.293s] -- Up-to-date: /home/ponwalai/solar_ws/install/solar/share/solar/local_setup.dsv
[0.293s] -- Installing: /home/ponwalai/solar_ws/install/solar/share/solar/package.dsv
[0.293s] -- Up-to-date: /home/ponwalai/solar_ws/install/solar/share/ament_index/resource_index/packages/solar
[0.293s] -- Up-to-date: /home/ponwalai/solar_ws/install/solar/share/solar/cmake/solarConfig.cmake
[0.293s] -- Up-to-date: /home/ponwalai/solar_ws/install/solar/share/solar/cmake/solarConfig-version.cmake
[0.293s] -- Up-to-date: /home/ponwalai/solar_ws/install/solar/share/solar/package.xml
[0.294s] Invoked command in '/home/ponwalai/solar_ws/build/solar' returned '0': CMAKE_PREFIX_PATH=${CMAKE_PREFIX_PATH}:/home/ponwalai/ros2_ws/install/launch_testing_examples:/home/ponwalai/ros2_ws/install/examples_rclpy_pointcloud_publisher:/home/ponwalai/ros2_ws/install/examples_rclpy_minimal_subscriber:/home/ponwalai/ros2_ws/install/examples_rclpy_minimal_service:/home/ponwalai/ros2_ws/install/examples_rclpy_minimal_publisher:/home/ponwalai/ros2_ws/install/examples_rclpy_minimal_client:/home/ponwalai/ros2_ws/install/examples_rclpy_minimal_action_server:/home/ponwalai/ros2_ws/install/examples_rclpy_minimal_action_client:/home/ponwalai/ros2_ws/install/examples_rclpy_guard_conditions:/home/ponwalai/ros2_ws/install/examples_rclpy_executors:/opt/ros/humble /usr/bin/cmake --install /home/ponwalai/solar_ws/build/solar
