[0.103s] DEBUG:colcon:Command line arguments: ['/usr/bin/colcon', 'build']
[0.103s] DEBUG:colcon:Parsed command line arguments: Namespace(log_base=None, log_level=None, verb_name='build', build_base='build', install_base='install', merge_install=False, symlink_install=False, test_result_base=None, continue_on_error=False, executor='parallel', parallel_workers=16, event_handlers=None, ignore_user_meta=False, metas=['./colcon.meta'], base_paths=['.'], packages_ignore=None, packages_ignore_regex=None, paths=None, packages_up_to=None, packages_up_to_regex=None, packages_above=None, packages_above_and_dependencies=None, packages_above_depth=None, packages_select_by_dep=None, packages_skip_by_dep=None, packages_skip_up_to=None, packages_select_build_failed=False, packages_skip_build_finished=False, packages_select_test_failures=False, packages_skip_test_passed=False, packages_select=None, packages_skip=None, packages_select_regex=None, packages_skip_regex=None, packages_start=None, packages_end=None, allow_overriding=[], cmake_args=None, cmake_target=None, cmake_target_skip_unavailable=False, cmake_clean_cache=False, cmake_clean_first=False, cmake_force_configure=False, ament_cmake_args=None, catkin_cmake_args=None, catkin_skip_building_tests=False, mixin_files=None, mixin=None, verb_parser=<colcon_mixin.mixin.mixin_argument.MixinArgumentDecorator object at 0x7b4f9a8c06a0>, verb_extension=<colcon_core.verb.build.BuildVerb object at 0x7b4f9aa58e80>, main=<bound method BuildVerb.main of <colcon_core.verb.build.BuildVerb object at 0x7b4f9aa58e80>>, mixin_verb=('build',))
[0.319s] Level 1:colcon.colcon_core.package_discovery:discover_packages(colcon_meta) check parameters
[0.319s] Level 1:colcon.colcon_core.package_discovery:discover_packages(recursive) check parameters
[0.319s] Level 1:colcon.colcon_core.package_discovery:discover_packages(ignore) check parameters
[0.319s] Level 1:colcon.colcon_core.package_discovery:discover_packages(path) check parameters
[0.319s] Level 1:colcon.colcon_core.package_discovery:discover_packages(colcon_meta) discover
[0.319s] Level 1:colcon.colcon_core.package_discovery:discover_packages(recursive) discover
[0.319s] INFO:colcon.colcon_core.package_discovery:Crawling recursively for packages in '/home/ponwalai/solar_ws'
[0.319s] Level 1:colcon.colcon_core.package_identification:_identify(.) by extensions ['ignore', 'ignore_ament_install']
[0.319s] Level 1:colcon.colcon_core.package_identification:_identify(.) by extension 'ignore'
[0.319s] Level 1:colcon.colcon_core.package_identification:_identify(.) by extension 'ignore_ament_install'
[0.319s] Level 1:colcon.colcon_core.package_identification:_identify(.) by extensions ['colcon_pkg']
[0.319s] Level 1:colcon.colcon_core.package_identification:_identify(.) by extension 'colcon_pkg'
[0.319s] Level 1:colcon.colcon_core.package_identification:_identify(.) by extensions ['colcon_meta']
[0.319s] Level 1:colcon.colcon_core.package_identification:_identify(.) by extension 'colcon_meta'
[0.319s] Level 1:colcon.colcon_core.package_identification:_identify(.) by extensions ['ros']
[0.319s] Level 1:colcon.colcon_core.package_identification:_identify(.) by extension 'ros'
[0.329s] Level 1:colcon.colcon_core.package_identification:_identify(.) by extensions ['cmake', 'python']
[0.329s] Level 1:colcon.colcon_core.package_identification:_identify(.) by extension 'cmake'
[0.329s] Level 1:colcon.colcon_core.package_identification:_identify(.) by extension 'python'
[0.329s] Level 1:colcon.colcon_core.package_identification:_identify(.) by extensions ['python_setup_py']
[0.329s] Level 1:colcon.colcon_core.package_identification:_identify(.) by extension 'python_setup_py'
[0.329s] Level 1:colcon.colcon_core.package_identification:_identify(build) by extensions ['ignore', 'ignore_ament_install']
[0.329s] Level 1:colcon.colcon_core.package_identification:_identify(build) by extension 'ignore'
[0.329s] Level 1:colcon.colcon_core.package_identification:_identify(build) ignored
[0.329s] Level 1:colcon.colcon_core.package_identification:_identify(install) by extensions ['ignore', 'ignore_ament_install']
[0.329s] Level 1:colcon.colcon_core.package_identification:_identify(install) by extension 'ignore'
[0.329s] Level 1:colcon.colcon_core.package_identification:_identify(install) ignored
[0.329s] Level 1:colcon.colcon_core.package_identification:_identify(log) by extensions ['ignore', 'ignore_ament_install']
[0.329s] Level 1:colcon.colcon_core.package_identification:_identify(log) by extension 'ignore'
[0.329s] Level 1:colcon.colcon_core.package_identification:_identify(log) ignored
[0.329s] Level 1:colcon.colcon_core.package_identification:_identify(src) by extensions ['ignore', 'ignore_ament_install']
[0.329s] Level 1:colcon.colcon_core.package_identification:_identify(src) by extension 'ignore'
[0.329s] Level 1:colcon.colcon_core.package_identification:_identify(src) by extension 'ignore_ament_install'
[0.329s] Level 1:colcon.colcon_core.package_identification:_identify(src) by extensions ['colcon_pkg']
[0.329s] Level 1:colcon.colcon_core.package_identification:_identify(src) by extension 'colcon_pkg'
[0.329s] Level 1:colcon.colcon_core.package_identification:_identify(src) by extensions ['colcon_meta']
[0.329s] Level 1:colcon.colcon_core.package_identification:_identify(src) by extension 'colcon_meta'
[0.329s] Level 1:colcon.colcon_core.package_identification:_identify(src) by extensions ['ros']
[0.329s] Level 1:colcon.colcon_core.package_identification:_identify(src) by extension 'ros'
[0.330s] Level 1:colcon.colcon_core.package_identification:_identify(src) by extensions ['cmake', 'python']
[0.330s] Level 1:colcon.colcon_core.package_identification:_identify(src) by extension 'cmake'
[0.330s] Level 1:colcon.colcon_core.package_identification:_identify(src) by extension 'python'
[0.330s] Level 1:colcon.colcon_core.package_identification:_identify(src) by extensions ['python_setup_py']
[0.330s] Level 1:colcon.colcon_core.package_identification:_identify(src) by extension 'python_setup_py'
[0.330s] Level 1:colcon.colcon_core.package_identification:_identify(src/sllidar_ros2) by extensions ['ignore', 'ignore_ament_install']
[0.330s] Level 1:colcon.colcon_core.package_identification:_identify(src/sllidar_ros2) by extension 'ignore'
[0.330s] Level 1:colcon.colcon_core.package_identification:_identify(src/sllidar_ros2) by extension 'ignore_ament_install'
[0.330s] Level 1:colcon.colcon_core.package_identification:_identify(src/sllidar_ros2) by extensions ['colcon_pkg']
[0.330s] Level 1:colcon.colcon_core.package_identification:_identify(src/sllidar_ros2) by extension 'colcon_pkg'
[0.330s] Level 1:colcon.colcon_core.package_identification:_identify(src/sllidar_ros2) by extensions ['colcon_meta']
[0.330s] Level 1:colcon.colcon_core.package_identification:_identify(src/sllidar_ros2) by extension 'colcon_meta'
[0.330s] Level 1:colcon.colcon_core.package_identification:_identify(src/sllidar_ros2) by extensions ['ros']
[0.330s] Level 1:colcon.colcon_core.package_identification:_identify(src/sllidar_ros2) by extension 'ros'
[0.332s] DEBUG:colcon.colcon_core.package_identification:Package 'src/sllidar_ros2' with type 'ros.ament_cmake' and name 'sllidar_ros2'
[0.332s] Level 1:colcon.colcon_core.package_identification:_identify(src/solar) by extensions ['ignore', 'ignore_ament_install']
[0.332s] Level 1:colcon.colcon_core.package_identification:_identify(src/solar) by extension 'ignore'
[0.332s] Level 1:colcon.colcon_core.package_identification:_identify(src/solar) by extension 'ignore_ament_install'
[0.333s] Level 1:colcon.colcon_core.package_identification:_identify(src/solar) by extensions ['colcon_pkg']
[0.333s] Level 1:colcon.colcon_core.package_identification:_identify(src/solar) by extension 'colcon_pkg'
[0.333s] Level 1:colcon.colcon_core.package_identification:_identify(src/solar) by extensions ['colcon_meta']
[0.333s] Level 1:colcon.colcon_core.package_identification:_identify(src/solar) by extension 'colcon_meta'
[0.333s] Level 1:colcon.colcon_core.package_identification:_identify(src/solar) by extensions ['ros']
[0.333s] Level 1:colcon.colcon_core.package_identification:_identify(src/solar) by extension 'ros'
[0.333s] DEBUG:colcon.colcon_core.package_identification:Package 'src/solar' with type 'ros.ament_cmake' and name 'solar'
[0.333s] Level 1:colcon.colcon_core.package_discovery:discover_packages(recursive) using defaults
[0.333s] Level 1:colcon.colcon_core.package_discovery:discover_packages(ignore) discover
[0.333s] Level 1:colcon.colcon_core.package_discovery:discover_packages(ignore) using defaults
[0.333s] Level 1:colcon.colcon_core.package_discovery:discover_packages(path) discover
[0.333s] Level 1:colcon.colcon_core.package_discovery:discover_packages(path) using defaults
[0.359s] Level 1:colcon.colcon_core.package_discovery:discover_packages(prefix_path) check parameters
[0.359s] Level 1:colcon.colcon_core.package_discovery:discover_packages(prefix_path) discover
[0.363s] DEBUG:colcon.colcon_installed_package_information.package_discovery:Found 4 installed packages in /home/ponwalai/Basic_ROS_WS/install
[0.363s] DEBUG:colcon.colcon_installed_package_information.package_discovery:Found 2 installed packages in /home/ponwalai/solar_ws/install
[0.364s] DEBUG:colcon.colcon_installed_package_information.package_discovery:Found 29 installed packages in /home/ponwalai/ros2_ws/install
[0.364s] DEBUG:colcon.colcon_installed_package_information.package_discovery:Found 2 installed packages in /home/ponwalai/RoboticsDev2024/install
[0.365s] DEBUG:colcon.colcon_installed_package_information.package_discovery:Found 271 installed packages in /opt/ros/humble
[0.366s] Level 1:colcon.colcon_core.package_discovery:discover_packages(prefix_path) using defaults
[0.403s] Level 5:colcon.colcon_core.verb:set package 'sllidar_ros2' build argument 'cmake_args' from command line to 'None'
[0.403s] Level 5:colcon.colcon_core.verb:set package 'sllidar_ros2' build argument 'cmake_target' from command line to 'None'
[0.403s] Level 5:colcon.colcon_core.verb:set package 'sllidar_ros2' build argument 'cmake_target_skip_unavailable' from command line to 'False'
[0.403s] Level 5:colcon.colcon_core.verb:set package 'sllidar_ros2' build argument 'cmake_clean_cache' from command line to 'False'
[0.403s] Level 5:colcon.colcon_core.verb:set package 'sllidar_ros2' build argument 'cmake_clean_first' from command line to 'False'
[0.403s] Level 5:colcon.colcon_core.verb:set package 'sllidar_ros2' build argument 'cmake_force_configure' from command line to 'False'
[0.403s] Level 5:colcon.colcon_core.verb:set package 'sllidar_ros2' build argument 'ament_cmake_args' from command line to 'None'
[0.403s] Level 5:colcon.colcon_core.verb:set package 'sllidar_ros2' build argument 'catkin_cmake_args' from command line to 'None'
[0.403s] Level 5:colcon.colcon_core.verb:set package 'sllidar_ros2' build argument 'catkin_skip_building_tests' from command line to 'False'
[0.403s] DEBUG:colcon.colcon_core.verb:Building package 'sllidar_ros2' with the following arguments: {'ament_cmake_args': None, 'build_base': '/home/ponwalai/solar_ws/build/sllidar_ros2', 'catkin_cmake_args': None, 'catkin_skip_building_tests': False, 'cmake_args': None, 'cmake_clean_cache': False, 'cmake_clean_first': False, 'cmake_force_configure': False, 'cmake_target': None, 'cmake_target_skip_unavailable': False, 'install_base': '/home/ponwalai/solar_ws/install/sllidar_ros2', 'merge_install': False, 'path': '/home/ponwalai/solar_ws/src/sllidar_ros2', 'symlink_install': False, 'test_result_base': None}
[0.403s] Level 5:colcon.colcon_core.verb:set package 'solar' build argument 'cmake_args' from command line to 'None'
[0.403s] Level 5:colcon.colcon_core.verb:set package 'solar' build argument 'cmake_target' from command line to 'None'
[0.403s] Level 5:colcon.colcon_core.verb:set package 'solar' build argument 'cmake_target_skip_unavailable' from command line to 'False'
[0.403s] Level 5:colcon.colcon_core.verb:set package 'solar' build argument 'cmake_clean_cache' from command line to 'False'
[0.403s] Level 5:colcon.colcon_core.verb:set package 'solar' build argument 'cmake_clean_first' from command line to 'False'
[0.403s] Level 5:colcon.colcon_core.verb:set package 'solar' build argument 'cmake_force_configure' from command line to 'False'
[0.403s] Level 5:colcon.colcon_core.verb:set package 'solar' build argument 'ament_cmake_args' from command line to 'None'
[0.404s] Level 5:colcon.colcon_core.verb:set package 'solar' build argument 'catkin_cmake_args' from command line to 'None'
[0.404s] Level 5:colcon.colcon_core.verb:set package 'solar' build argument 'catkin_skip_building_tests' from command line to 'False'
[0.404s] DEBUG:colcon.colcon_core.verb:Building package 'solar' with the following arguments: {'ament_cmake_args': None, 'build_base': '/home/ponwalai/solar_ws/build/solar', 'catkin_cmake_args': None, 'catkin_skip_building_tests': False, 'cmake_args': None, 'cmake_clean_cache': False, 'cmake_clean_first': False, 'cmake_force_configure': False, 'cmake_target': None, 'cmake_target_skip_unavailable': False, 'install_base': '/home/ponwalai/solar_ws/install/solar', 'merge_install': False, 'path': '/home/ponwalai/solar_ws/src/solar', 'symlink_install': False, 'test_result_base': None}
[0.404s] INFO:colcon.colcon_core.executor:Executing jobs using 'parallel' executor
[0.404s] DEBUG:colcon.colcon_parallel_executor.executor.parallel:run_until_complete
[0.404s] INFO:colcon.colcon_ros.task.ament_cmake.build:Building ROS package in '/home/ponwalai/solar_ws/src/sllidar_ros2' with build type 'ament_cmake'
[0.405s] INFO:colcon.colcon_cmake.task.cmake.build:Building CMake package in '/home/ponwalai/solar_ws/src/sllidar_ros2'
[0.408s] INFO:colcon.colcon_core.plugin_system:Skipping extension 'colcon_core.shell.bat': Not used on non-Windows systems
[0.408s] INFO:colcon.colcon_core.shell:Skip shell extension 'powershell' for command environment: Not usable outside of PowerShell
[0.408s] DEBUG:colcon.colcon_core.shell:Skip shell extension 'dsv' for command environment
[0.411s] INFO:colcon.colcon_ros.task.ament_cmake.build:Building ROS package in '/home/ponwalai/solar_ws/src/solar' with build type 'ament_cmake'
[0.412s] INFO:colcon.colcon_cmake.task.cmake.build:Building CMake package in '/home/ponwalai/solar_ws/src/solar'
[0.412s] INFO:colcon.colcon_core.shell:Skip shell extension 'powershell' for command environment: Not usable outside of PowerShell
[0.412s] DEBUG:colcon.colcon_core.shell:Skip shell extension 'dsv' for command environment
[0.419s] DEBUG:colcon.colcon_core.event_handler.log_command:Invoking command in '/home/ponwalai/solar_ws/build/sllidar_ros2': CMAKE_PREFIX_PATH=${CMAKE_PREFIX_PATH}:/home/ponwalai/ros2_ws/install/launch_testing_examples:/home/ponwalai/ros2_ws/install/examples_rclpy_pointcloud_publisher:/home/ponwalai/ros2_ws/install/examples_rclpy_minimal_subscriber:/home/ponwalai/ros2_ws/install/examples_rclpy_minimal_service:/home/ponwalai/ros2_ws/install/examples_rclpy_minimal_publisher:/home/ponwalai/ros2_ws/install/examples_rclpy_minimal_client:/home/ponwalai/ros2_ws/install/examples_rclpy_minimal_action_server:/home/ponwalai/ros2_ws/install/examples_rclpy_minimal_action_client:/home/ponwalai/ros2_ws/install/examples_rclpy_guard_conditions:/home/ponwalai/ros2_ws/install/examples_rclpy_executors:/opt/ros/humble /usr/bin/cmake --build /home/ponwalai/solar_ws/build/sllidar_ros2 -- -j16 -l16
[0.422s] DEBUG:colcon.colcon_core.event_handler.log_command:Invoking command in '/home/ponwalai/solar_ws/build/solar': CMAKE_PREFIX_PATH=${CMAKE_PREFIX_PATH}:/home/ponwalai/ros2_ws/install/launch_testing_examples:/home/ponwalai/ros2_ws/install/examples_rclpy_pointcloud_publisher:/home/ponwalai/ros2_ws/install/examples_rclpy_minimal_subscriber:/home/ponwalai/ros2_ws/install/examples_rclpy_minimal_service:/home/ponwalai/ros2_ws/install/examples_rclpy_minimal_publisher:/home/ponwalai/ros2_ws/install/examples_rclpy_minimal_client:/home/ponwalai/ros2_ws/install/examples_rclpy_minimal_action_server:/home/ponwalai/ros2_ws/install/examples_rclpy_minimal_action_client:/home/ponwalai/ros2_ws/install/examples_rclpy_guard_conditions:/home/ponwalai/ros2_ws/install/examples_rclpy_executors:/opt/ros/humble /usr/bin/cmake --build /home/ponwalai/solar_ws/build/solar -- -j16 -l16
[0.518s] DEBUG:colcon.colcon_core.event_handler.log_command:Invoked command in '/home/ponwalai/solar_ws/build/sllidar_ros2' returned '0': CMAKE_PREFIX_PATH=${CMAKE_PREFIX_PATH}:/home/ponwalai/ros2_ws/install/launch_testing_examples:/home/ponwalai/ros2_ws/install/examples_rclpy_pointcloud_publisher:/home/ponwalai/ros2_ws/install/examples_rclpy_minimal_subscriber:/home/ponwalai/ros2_ws/install/examples_rclpy_minimal_service:/home/ponwalai/ros2_ws/install/examples_rclpy_minimal_publisher:/home/ponwalai/ros2_ws/install/examples_rclpy_minimal_client:/home/ponwalai/ros2_ws/install/examples_rclpy_minimal_action_server:/home/ponwalai/ros2_ws/install/examples_rclpy_minimal_action_client:/home/ponwalai/ros2_ws/install/examples_rclpy_guard_conditions:/home/ponwalai/ros2_ws/install/examples_rclpy_executors:/opt/ros/humble /usr/bin/cmake --build /home/ponwalai/solar_ws/build/sllidar_ros2 -- -j16 -l16
[0.576s] DEBUG:colcon.colcon_core.event_handler.log_command:Invoking command in '/home/ponwalai/solar_ws/build/sllidar_ros2': CMAKE_PREFIX_PATH=${CMAKE_PREFIX_PATH}:/home/ponwalai/ros2_ws/install/launch_testing_examples:/home/ponwalai/ros2_ws/install/examples_rclpy_pointcloud_publisher:/home/ponwalai/ros2_ws/install/examples_rclpy_minimal_subscriber:/home/ponwalai/ros2_ws/install/examples_rclpy_minimal_service:/home/ponwalai/ros2_ws/install/examples_rclpy_minimal_publisher:/home/ponwalai/ros2_ws/install/examples_rclpy_minimal_client:/home/ponwalai/ros2_ws/install/examples_rclpy_minimal_action_server:/home/ponwalai/ros2_ws/install/examples_rclpy_minimal_action_client:/home/ponwalai/ros2_ws/install/examples_rclpy_guard_conditions:/home/ponwalai/ros2_ws/install/examples_rclpy_executors:/opt/ros/humble /usr/bin/cmake --install /home/ponwalai/solar_ws/build/sllidar_ros2
[0.591s] Level 1:colcon.colcon_core.environment:create_environment_scripts_only(sllidar_ros2)
[0.592s] DEBUG:colcon.colcon_core.event_handler.log_command:Invoked command in '/home/ponwalai/solar_ws/build/sllidar_ros2' returned '0': CMAKE_PREFIX_PATH=${CMAKE_PREFIX_PATH}:/home/ponwalai/ros2_ws/install/launch_testing_examples:/home/ponwalai/ros2_ws/install/examples_rclpy_pointcloud_publisher:/home/ponwalai/ros2_ws/install/examples_rclpy_minimal_subscriber:/home/ponwalai/ros2_ws/install/examples_rclpy_minimal_service:/home/ponwalai/ros2_ws/install/examples_rclpy_minimal_publisher:/home/ponwalai/ros2_ws/install/examples_rclpy_minimal_client:/home/ponwalai/ros2_ws/install/examples_rclpy_minimal_action_server:/home/ponwalai/ros2_ws/install/examples_rclpy_minimal_action_client:/home/ponwalai/ros2_ws/install/examples_rclpy_guard_conditions:/home/ponwalai/ros2_ws/install/examples_rclpy_executors:/opt/ros/humble /usr/bin/cmake --install /home/ponwalai/solar_ws/build/sllidar_ros2
[0.596s] Level 1:colcon.colcon_core.environment:checking '/home/ponwalai/solar_ws/install/sllidar_ros2' for CMake module files
[0.596s] Level 1:colcon.colcon_core.environment:checking '/home/ponwalai/solar_ws/install/sllidar_ros2' for CMake config files
[0.596s] Level 1:colcon.colcon_core.shell:create_environment_hook('sllidar_ros2', 'cmake_prefix_path')
[0.597s] INFO:colcon.colcon_core.shell:Creating environment hook '/home/ponwalai/solar_ws/install/sllidar_ros2/share/sllidar_ros2/hook/cmake_prefix_path.ps1'
[0.597s] INFO:colcon.colcon_core.shell:Creating environment descriptor '/home/ponwalai/solar_ws/install/sllidar_ros2/share/sllidar_ros2/hook/cmake_prefix_path.dsv'
[0.598s] INFO:colcon.colcon_core.shell:Creating environment hook '/home/ponwalai/solar_ws/install/sllidar_ros2/share/sllidar_ros2/hook/cmake_prefix_path.sh'
[0.599s] Level 1:colcon.colcon_core.environment:checking '/home/ponwalai/solar_ws/install/sllidar_ros2/lib'
[0.599s] Level 1:colcon.colcon_core.environment:checking '/home/ponwalai/solar_ws/install/sllidar_ros2/bin'
[0.599s] Level 1:colcon.colcon_core.environment:checking '/home/ponwalai/solar_ws/install/sllidar_ros2/lib/pkgconfig/sllidar_ros2.pc'
[0.599s] Level 1:colcon.colcon_core.environment:checking '/home/ponwalai/solar_ws/install/sllidar_ros2/lib/python3.10/site-packages'
[0.599s] Level 1:colcon.colcon_core.environment:checking '/home/ponwalai/solar_ws/install/sllidar_ros2/bin'
[0.599s] INFO:colcon.colcon_core.shell:Creating package script '/home/ponwalai/solar_ws/install/sllidar_ros2/share/sllidar_ros2/package.ps1'
[0.600s] INFO:colcon.colcon_core.shell:Creating package descriptor '/home/ponwalai/solar_ws/install/sllidar_ros2/share/sllidar_ros2/package.dsv'
[0.601s] INFO:colcon.colcon_core.shell:Creating package script '/home/ponwalai/solar_ws/install/sllidar_ros2/share/sllidar_ros2/package.sh'
[0.601s] INFO:colcon.colcon_core.shell:Creating package script '/home/ponwalai/solar_ws/install/sllidar_ros2/share/sllidar_ros2/package.bash'
[0.602s] INFO:colcon.colcon_core.shell:Creating package script '/home/ponwalai/solar_ws/install/sllidar_ros2/share/sllidar_ros2/package.zsh'
[0.603s] Level 1:colcon.colcon_core.environment:create_file_with_runtime_dependencies(/home/ponwalai/solar_ws/install/sllidar_ros2/share/colcon-core/packages/sllidar_ros2)
[0.653s] Level 1:colcon.colcon_core.environment:create_environment_scripts_only(sllidar_ros2)
[0.654s] Level 1:colcon.colcon_core.environment:checking '/home/ponwalai/solar_ws/install/sllidar_ros2' for CMake module files
[0.654s] Level 1:colcon.colcon_core.environment:checking '/home/ponwalai/solar_ws/install/sllidar_ros2' for CMake config files
[0.654s] Level 1:colcon.colcon_core.shell:create_environment_hook('sllidar_ros2', 'cmake_prefix_path')
[0.654s] INFO:colcon.colcon_core.shell:Creating environment hook '/home/ponwalai/solar_ws/install/sllidar_ros2/share/sllidar_ros2/hook/cmake_prefix_path.ps1'
[0.654s] INFO:colcon.colcon_core.shell:Creating environment descriptor '/home/ponwalai/solar_ws/install/sllidar_ros2/share/sllidar_ros2/hook/cmake_prefix_path.dsv'
[0.655s] INFO:colcon.colcon_core.shell:Creating environment hook '/home/ponwalai/solar_ws/install/sllidar_ros2/share/sllidar_ros2/hook/cmake_prefix_path.sh'
[0.655s] Level 1:colcon.colcon_core.environment:checking '/home/ponwalai/solar_ws/install/sllidar_ros2/lib'
[0.655s] Level 1:colcon.colcon_core.environment:checking '/home/ponwalai/solar_ws/install/sllidar_ros2/bin'
[0.655s] Level 1:colcon.colcon_core.environment:checking '/home/ponwalai/solar_ws/install/sllidar_ros2/lib/pkgconfig/sllidar_ros2.pc'
[0.655s] Level 1:colcon.colcon_core.environment:checking '/home/ponwalai/solar_ws/install/sllidar_ros2/lib/python3.10/site-packages'
[0.655s] Level 1:colcon.colcon_core.environment:checking '/home/ponwalai/solar_ws/install/sllidar_ros2/bin'
[0.655s] INFO:colcon.colcon_core.shell:Creating package script '/home/ponwalai/solar_ws/install/sllidar_ros2/share/sllidar_ros2/package.ps1'
[0.656s] INFO:colcon.colcon_core.shell:Creating package descriptor '/home/ponwalai/solar_ws/install/sllidar_ros2/share/sllidar_ros2/package.dsv'
[0.656s] INFO:colcon.colcon_core.shell:Creating package script '/home/ponwalai/solar_ws/install/sllidar_ros2/share/sllidar_ros2/package.sh'
[0.656s] INFO:colcon.colcon_core.shell:Creating package script '/home/ponwalai/solar_ws/install/sllidar_ros2/share/sllidar_ros2/package.bash'
[0.656s] INFO:colcon.colcon_core.shell:Creating package script '/home/ponwalai/solar_ws/install/sllidar_ros2/share/sllidar_ros2/package.zsh'
[0.657s] Level 1:colcon.colcon_core.environment:create_file_with_runtime_dependencies(/home/ponwalai/solar_ws/install/sllidar_ros2/share/colcon-core/packages/sllidar_ros2)
[0.685s] DEBUG:colcon.colcon_core.event_handler.log_command:Invoked command in '/home/ponwalai/solar_ws/build/solar' returned '0': CMAKE_PREFIX_PATH=${CMAKE_PREFIX_PATH}:/home/ponwalai/ros2_ws/install/launch_testing_examples:/home/ponwalai/ros2_ws/install/examples_rclpy_pointcloud_publisher:/home/ponwalai/ros2_ws/install/examples_rclpy_minimal_subscriber:/home/ponwalai/ros2_ws/install/examples_rclpy_minimal_service:/home/ponwalai/ros2_ws/install/examples_rclpy_minimal_publisher:/home/ponwalai/ros2_ws/install/examples_rclpy_minimal_client:/home/ponwalai/ros2_ws/install/examples_rclpy_minimal_action_server:/home/ponwalai/ros2_ws/install/examples_rclpy_minimal_action_client:/home/ponwalai/ros2_ws/install/examples_rclpy_guard_conditions:/home/ponwalai/ros2_ws/install/examples_rclpy_executors:/opt/ros/humble /usr/bin/cmake --build /home/ponwalai/solar_ws/build/solar -- -j16 -l16
[0.706s] DEBUG:colcon.colcon_core.event_handler.log_command:Invoking command in '/home/ponwalai/solar_ws/build/solar': CMAKE_PREFIX_PATH=${CMAKE_PREFIX_PATH}:/home/ponwalai/ros2_ws/install/launch_testing_examples:/home/ponwalai/ros2_ws/install/examples_rclpy_pointcloud_publisher:/home/ponwalai/ros2_ws/install/examples_rclpy_minimal_subscriber:/home/ponwalai/ros2_ws/install/examples_rclpy_minimal_service:/home/ponwalai/ros2_ws/install/examples_rclpy_minimal_publisher:/home/ponwalai/ros2_ws/install/examples_rclpy_minimal_client:/home/ponwalai/ros2_ws/install/examples_rclpy_minimal_action_server:/home/ponwalai/ros2_ws/install/examples_rclpy_minimal_action_client:/home/ponwalai/ros2_ws/install/examples_rclpy_guard_conditions:/home/ponwalai/ros2_ws/install/examples_rclpy_executors:/opt/ros/humble /usr/bin/cmake --install /home/ponwalai/solar_ws/build/solar
[0.744s] Level 1:colcon.colcon_core.environment:create_environment_scripts_only(solar)
[0.744s] Level 1:colcon.colcon_core.environment:checking '/home/ponwalai/solar_ws/install/solar' for CMake module files
[0.744s] DEBUG:colcon.colcon_core.event_handler.log_command:Invoked command in '/home/ponwalai/solar_ws/build/solar' returned '0': CMAKE_PREFIX_PATH=${CMAKE_PREFIX_PATH}:/home/ponwalai/ros2_ws/install/launch_testing_examples:/home/ponwalai/ros2_ws/install/examples_rclpy_pointcloud_publisher:/home/ponwalai/ros2_ws/install/examples_rclpy_minimal_subscriber:/home/ponwalai/ros2_ws/install/examples_rclpy_minimal_service:/home/ponwalai/ros2_ws/install/examples_rclpy_minimal_publisher:/home/ponwalai/ros2_ws/install/examples_rclpy_minimal_client:/home/ponwalai/ros2_ws/install/examples_rclpy_minimal_action_server:/home/ponwalai/ros2_ws/install/examples_rclpy_minimal_action_client:/home/ponwalai/ros2_ws/install/examples_rclpy_guard_conditions:/home/ponwalai/ros2_ws/install/examples_rclpy_executors:/opt/ros/humble /usr/bin/cmake --install /home/ponwalai/solar_ws/build/solar
[0.745s] Level 1:colcon.colcon_core.environment:checking '/home/ponwalai/solar_ws/install/solar' for CMake config files
[0.745s] Level 1:colcon.colcon_core.shell:create_environment_hook('solar', 'cmake_prefix_path')
[0.745s] INFO:colcon.colcon_core.shell:Creating environment hook '/home/ponwalai/solar_ws/install/solar/share/solar/hook/cmake_prefix_path.ps1'
[0.745s] INFO:colcon.colcon_core.shell:Creating environment descriptor '/home/ponwalai/solar_ws/install/solar/share/solar/hook/cmake_prefix_path.dsv'
[0.745s] INFO:colcon.colcon_core.shell:Creating environment hook '/home/ponwalai/solar_ws/install/solar/share/solar/hook/cmake_prefix_path.sh'
[0.746s] Level 1:colcon.colcon_core.environment:checking '/home/ponwalai/solar_ws/install/solar/lib'
[0.746s] Level 1:colcon.colcon_core.environment:checking '/home/ponwalai/solar_ws/install/solar/bin'
[0.746s] Level 1:colcon.colcon_core.environment:checking '/home/ponwalai/solar_ws/install/solar/lib/pkgconfig/solar.pc'
[0.746s] Level 1:colcon.colcon_core.environment:checking '/home/ponwalai/solar_ws/install/solar/lib/python3.10/site-packages'
[0.746s] Level 1:colcon.colcon_core.environment:checking '/home/ponwalai/solar_ws/install/solar/bin'
[0.746s] INFO:colcon.colcon_core.shell:Creating package script '/home/ponwalai/solar_ws/install/solar/share/solar/package.ps1'
[0.747s] INFO:colcon.colcon_core.shell:Creating package descriptor '/home/ponwalai/solar_ws/install/solar/share/solar/package.dsv'
[0.747s] INFO:colcon.colcon_core.shell:Creating package script '/home/ponwalai/solar_ws/install/solar/share/solar/package.sh'
[0.747s] INFO:colcon.colcon_core.shell:Creating package script '/home/ponwalai/solar_ws/install/solar/share/solar/package.bash'
[0.747s] INFO:colcon.colcon_core.shell:Creating package script '/home/ponwalai/solar_ws/install/solar/share/solar/package.zsh'
[0.747s] Level 1:colcon.colcon_core.environment:create_file_with_runtime_dependencies(/home/ponwalai/solar_ws/install/solar/share/colcon-core/packages/solar)
[0.768s] Level 1:colcon.colcon_core.environment:create_environment_scripts_only(solar)
[0.768s] Level 1:colcon.colcon_core.environment:checking '/home/ponwalai/solar_ws/install/solar' for CMake module files
[0.768s] Level 1:colcon.colcon_core.environment:checking '/home/ponwalai/solar_ws/install/solar' for CMake config files
[0.768s] Level 1:colcon.colcon_core.shell:create_environment_hook('solar', 'cmake_prefix_path')
[0.768s] INFO:colcon.colcon_core.shell:Creating environment hook '/home/ponwalai/solar_ws/install/solar/share/solar/hook/cmake_prefix_path.ps1'
[0.769s] INFO:colcon.colcon_core.shell:Creating environment descriptor '/home/ponwalai/solar_ws/install/solar/share/solar/hook/cmake_prefix_path.dsv'
[0.769s] INFO:colcon.colcon_core.shell:Creating environment hook '/home/ponwalai/solar_ws/install/solar/share/solar/hook/cmake_prefix_path.sh'
[0.769s] Level 1:colcon.colcon_core.environment:checking '/home/ponwalai/solar_ws/install/solar/lib'
[0.769s] Level 1:colcon.colcon_core.environment:checking '/home/ponwalai/solar_ws/install/solar/bin'
[0.769s] Level 1:colcon.colcon_core.environment:checking '/home/ponwalai/solar_ws/install/solar/lib/pkgconfig/solar.pc'
[0.769s] Level 1:colcon.colcon_core.environment:checking '/home/ponwalai/solar_ws/install/solar/lib/python3.10/site-packages'
[0.769s] Level 1:colcon.colcon_core.environment:checking '/home/ponwalai/solar_ws/install/solar/bin'
[0.770s] INFO:colcon.colcon_core.shell:Creating package script '/home/ponwalai/solar_ws/install/solar/share/solar/package.ps1'
[0.770s] INFO:colcon.colcon_core.shell:Creating package descriptor '/home/ponwalai/solar_ws/install/solar/share/solar/package.dsv'
[0.770s] INFO:colcon.colcon_core.shell:Creating package script '/home/ponwalai/solar_ws/install/solar/share/solar/package.sh'
[0.770s] INFO:colcon.colcon_core.shell:Creating package script '/home/ponwalai/solar_ws/install/solar/share/solar/package.bash'
[0.771s] INFO:colcon.colcon_core.shell:Creating package script '/home/ponwalai/solar_ws/install/solar/share/solar/package.zsh'
[0.771s] Level 1:colcon.colcon_core.environment:create_file_with_runtime_dependencies(/home/ponwalai/solar_ws/install/solar/share/colcon-core/packages/solar)
[0.771s] DEBUG:colcon.colcon_parallel_executor.executor.parallel:closing loop
[0.771s] DEBUG:colcon.colcon_parallel_executor.executor.parallel:loop closed
[0.771s] DEBUG:colcon.colcon_parallel_executor.executor.parallel:run_until_complete finished with '0'
[0.771s] DEBUG:colcon.colcon_core.event_reactor:joining thread
[0.776s] INFO:colcon.colcon_core.plugin_system:Skipping extension 'colcon_notification.desktop_notification.terminal_notifier': Not used on non-Darwin systems
[0.776s] INFO:colcon.colcon_core.plugin_system:Skipping extension 'colcon_notification.desktop_notification.win32': Not used on non-Windows systems
[0.776s] INFO:colcon.colcon_notification.desktop_notification:Sending desktop notification using 'notify2'
[0.785s] DEBUG:colcon.colcon_core.event_reactor:joined thread
[0.785s] INFO:colcon.colcon_core.shell:Creating prefix script '/home/ponwalai/solar_ws/install/local_setup.ps1'
[0.786s] INFO:colcon.colcon_core.shell:Creating prefix util module '/home/ponwalai/solar_ws/install/_local_setup_util_ps1.py'
[0.787s] INFO:colcon.colcon_core.shell:Creating prefix chain script '/home/ponwalai/solar_ws/install/setup.ps1'
[0.789s] INFO:colcon.colcon_core.shell:Creating prefix script '/home/ponwalai/solar_ws/install/local_setup.sh'
[0.790s] INFO:colcon.colcon_core.shell:Creating prefix util module '/home/ponwalai/solar_ws/install/_local_setup_util_sh.py'
[0.790s] INFO:colcon.colcon_core.shell:Creating prefix chain script '/home/ponwalai/solar_ws/install/setup.sh'
[0.791s] INFO:colcon.colcon_core.shell:Creating prefix script '/home/ponwalai/solar_ws/install/local_setup.bash'
[0.792s] INFO:colcon.colcon_core.shell:Creating prefix chain script '/home/ponwalai/solar_ws/install/setup.bash'
[0.793s] INFO:colcon.colcon_core.shell:Creating prefix script '/home/ponwalai/solar_ws/install/local_setup.zsh'
[0.794s] INFO:colcon.colcon_core.shell:Creating prefix chain script '/home/ponwalai/solar_ws/install/setup.zsh'
