-- Found ament_cmake: 1.3.9 (/opt/ros/humble/share/ament_cmake/cmake)
-- Found rclcpp: 16.0.9 (/opt/ros/humble/share/rclcpp/cmake)
-- Found rosidl_generator_c: 3.1.5 (/opt/ros/humble/share/rosidl_generator_c/cmake)
-- Found rosidl_adapter: 3.1.5 (/opt/ros/humble/share/rosidl_adapter/cmake)
-- Found rosidl_generator_cpp: 3.1.5 (/opt/ros/humble/share/rosidl_generator_cpp/cmake)
-- Using all available rosidl_typesupport_c: rosidl_typesupport_fastrtps_c;rosidl_typesupport_introspection_c
-- Using all available rosidl_typesupport_cpp: rosidl_typesupport_fastrtps_cpp;rosidl_typesupport_introspection_cpp
-- Found rmw_implementation_cmake: 6.1.2 (/opt/ros/humble/share/rmw_implementation_cmake/cmake)
-- Found rmw_fastrtps_cpp: 6.2.6 (/opt/ros/humble/share/rmw_fastrtps_cpp/cmake)
-- Using RMW implementation 'rmw_fastrtps_cpp' as default
-- Found rclpy: 3.3.13 (/opt/ros/humble/share/rclpy/cmake)
-- Configuring done
-- Generating done
-- Build files have been written to: /home/ponwalai/solar_ws/build/solar
[35m[1mConsolidate compiler generated dependencies of target cpp_node_test[0m
[100%] Built target cpp_node_test
[100%] Built target ament_cmake_python_copy_solar
running egg_info
writing solar.egg-info/PKG-INFO
writing dependency_links to solar.egg-info/dependency_links.txt
writing top-level names to solar.egg-info/top_level.txt
reading manifest file 'solar.egg-info/SOURCES.txt'
writing manifest file 'solar.egg-info/SOURCES.txt'
[100%] Built target ament_cmake_python_build_solar_egg
-- Install configuration: ""
-- Up-to-date: /home/ponwalai/solar_ws/install/solar/share/solar/environment/pythonpath.sh
-- Installing: /home/ponwalai/solar_ws/install/solar/share/solar/environment/pythonpath.dsv
-- Up-to-date: /home/ponwalai/solar_ws/install/solar/local/lib/python3.10/dist-packages/solar-0.0.0-py3.10.egg-info
-- Installing: /home/ponwalai/solar_ws/install/solar/local/lib/python3.10/dist-packages/solar-0.0.0-py3.10.egg-info/PKG-INFO
-- Installing: /home/ponwalai/solar_ws/install/solar/local/lib/python3.10/dist-packages/solar-0.0.0-py3.10.egg-info/top_level.txt
-- Installing: /home/ponwalai/solar_ws/install/solar/local/lib/python3.10/dist-packages/solar-0.0.0-py3.10.egg-info/SOURCES.txt
-- Installing: /home/ponwalai/solar_ws/install/solar/local/lib/python3.10/dist-packages/solar-0.0.0-py3.10.egg-info/dependency_links.txt
-- Up-to-date: /home/ponwalai/solar_ws/install/solar/local/lib/python3.10/dist-packages/solar
-- Up-to-date: /home/ponwalai/solar_ws/install/solar/local/lib/python3.10/dist-packages/solar/__init__.py
-- Up-to-date: /home/ponwalai/solar_ws/install/solar/local/lib/python3.10/dist-packages/solar/dummy_module.py
Listing '/home/ponwalai/solar_ws/install/solar/local/lib/python3.10/dist-packages/solar'...
-- Up-to-date: /home/ponwalai/solar_ws/install/solar/lib/solar/dummy_script.py
-- Installing: /home/ponwalai/solar_ws/install/solar/lib/solar/lidar_read.py
-- Up-to-date: /home/ponwalai/solar_ws/install/solar/lib/solar/cpp_node_test
-- Up-to-date: /home/ponwalai/solar_ws/install/solar/share/solar
-- Up-to-date: /home/ponwalai/solar_ws/install/solar/share/ament_index/resource_index/package_run_dependencies/solar
-- Installing: /home/ponwalai/solar_ws/install/solar/share/ament_index/resource_index/parent_prefix_path/solar
-- Up-to-date: /home/ponwalai/solar_ws/install/solar/share/solar/environment/ament_prefix_path.sh
-- Installing: /home/ponwalai/solar_ws/install/solar/share/solar/environment/ament_prefix_path.dsv
-- Up-to-date: /home/ponwalai/solar_ws/install/solar/share/solar/environment/path.sh
-- Installing: /home/ponwalai/solar_ws/install/solar/share/solar/environment/path.dsv
-- Up-to-date: /home/ponwalai/solar_ws/install/solar/share/solar/local_setup.bash
-- Up-to-date: /home/ponwalai/solar_ws/install/solar/share/solar/local_setup.sh
-- Up-to-date: /home/ponwalai/solar_ws/install/solar/share/solar/local_setup.zsh
-- Installing: /home/ponwalai/solar_ws/install/solar/share/solar/local_setup.dsv
-- Installing: /home/ponwalai/solar_ws/install/solar/share/solar/package.dsv
-- Up-to-date: /home/ponwalai/solar_ws/install/solar/share/ament_index/resource_index/packages/solar
-- Up-to-date: /home/ponwalai/solar_ws/install/solar/share/solar/cmake/solarConfig.cmake
-- Up-to-date: /home/ponwalai/solar_ws/install/solar/share/solar/cmake/solarConfig-version.cmake
-- Up-to-date: /home/ponwalai/solar_ws/install/solar/share/solar/package.xml
