[0.008s] Invoking command in '/home/ponwalai/solar_ws/build/solar': CMAKE_PREFIX_PATH=${CMAKE_PREFIX_PATH}:/home/ponwalai/ros2_ws/install/launch_testing_examples:/home/ponwalai/ros2_ws/install/examples_rclpy_pointcloud_publisher:/home/ponwalai/ros2_ws/install/examples_rclpy_minimal_subscriber:/home/ponwalai/ros2_ws/install/examples_rclpy_minimal_service:/home/ponwalai/ros2_ws/install/examples_rclpy_minimal_publisher:/home/ponwalai/ros2_ws/install/examples_rclpy_minimal_client:/home/ponwalai/ros2_ws/install/examples_rclpy_minimal_action_server:/home/ponwalai/ros2_ws/install/examples_rclpy_minimal_action_client:/home/ponwalai/ros2_ws/install/examples_rclpy_guard_conditions:/home/ponwalai/ros2_ws/install/examples_rclpy_executors:/opt/ros/humble /usr/bin/cmake --build /home/ponwalai/solar_ws/build/solar -- -j16 -l16
[0.023s] -- Found ament_cmake: 1.3.9 (/opt/ros/humble/share/ament_cmake/cmake)
[0.122s] -- Found rclcpp: 16.0.9 (/opt/ros/humble/share/rclcpp/cmake)
[0.140s] -- Found rosidl_generator_c: 3.1.5 (/opt/ros/humble/share/rosidl_generator_c/cmake)
[0.142s] -- Found rosidl_adapter: 3.1.5 (/opt/ros/humble/share/rosidl_adapter/cmake)
[0.145s] -- Found rosidl_generator_cpp: 3.1.5 (/opt/ros/humble/share/rosidl_generator_cpp/cmake)
[0.153s] -- Using all available rosidl_typesupport_c: rosidl_typesupport_fastrtps_c;rosidl_typesupport_introspection_c
[0.164s] -- Using all available rosidl_typesupport_cpp: rosidl_typesupport_fastrtps_cpp;rosidl_typesupport_introspection_cpp
[0.201s] -- Found rmw_implementation_cmake: 6.1.2 (/opt/ros/humble/share/rmw_implementation_cmake/cmake)
[0.202s] -- Found rmw_fastrtps_cpp: 6.2.6 (/opt/ros/humble/share/rmw_fastrtps_cpp/cmake)
[0.278s] -- Using RMW implementation 'rmw_fastrtps_cpp' as default
[0.371s] -- Found rclpy: 3.3.13 (/opt/ros/humble/share/rclpy/cmake)
[0.462s] -- Configuring done
[0.467s] -- Generating done
[0.468s] -- Build files have been written to: /home/ponwalai/solar_ws/build/solar
[0.485s] [35m[1mConsolidate compiler generated dependencies of target cpp_node_test[0m
[0.492s] [100%] Built target cpp_node_test
[0.496s] [100%] Built target ament_cmake_python_copy_solar
[0.652s] running egg_info
[0.653s] writing solar.egg-info/PKG-INFO
[0.653s] writing dependency_links to solar.egg-info/dependency_links.txt
[0.653s] writing top-level names to solar.egg-info/top_level.txt
[0.654s] reading manifest file 'solar.egg-info/SOURCES.txt'
[0.654s] writing manifest file 'solar.egg-info/SOURCES.txt'
[0.671s] [100%] Built target ament_cmake_python_build_solar_egg
[0.678s] Invoked command in '/home/ponwalai/solar_ws/build/solar' returned '0': CMAKE_PREFIX_PATH=${CMAKE_PREFIX_PATH}:/home/ponwalai/ros2_ws/install/launch_testing_examples:/home/ponwalai/ros2_ws/install/examples_rclpy_pointcloud_publisher:/home/ponwalai/ros2_ws/install/examples_rclpy_minimal_subscriber:/home/ponwalai/ros2_ws/install/examples_rclpy_minimal_service:/home/ponwalai/ros2_ws/install/examples_rclpy_minimal_publisher:/home/ponwalai/ros2_ws/install/examples_rclpy_minimal_client:/home/ponwalai/ros2_ws/install/examples_rclpy_minimal_action_server:/home/ponwalai/ros2_ws/install/examples_rclpy_minimal_action_client:/home/ponwalai/ros2_ws/install/examples_rclpy_guard_conditions:/home/ponwalai/ros2_ws/install/examples_rclpy_executors:/opt/ros/humble /usr/bin/cmake --build /home/ponwalai/solar_ws/build/solar -- -j16 -l16
[0.697s] Invoking command in '/home/ponwalai/solar_ws/build/solar': CMAKE_PREFIX_PATH=${CMAKE_PREFIX_PATH}:/home/ponwalai/ros2_ws/install/launch_testing_examples:/home/ponwalai/ros2_ws/install/examples_rclpy_pointcloud_publisher:/home/ponwalai/ros2_ws/install/examples_rclpy_minimal_subscriber:/home/ponwalai/ros2_ws/install/examples_rclpy_minimal_service:/home/ponwalai/ros2_ws/install/examples_rclpy_minimal_publisher:/home/ponwalai/ros2_ws/install/examples_rclpy_minimal_client:/home/ponwalai/ros2_ws/install/examples_rclpy_minimal_action_server:/home/ponwalai/ros2_ws/install/examples_rclpy_minimal_action_client:/home/ponwalai/ros2_ws/install/examples_rclpy_guard_conditions:/home/ponwalai/ros2_ws/install/examples_rclpy_executors:/opt/ros/humble /usr/bin/cmake --install /home/ponwalai/solar_ws/build/solar
[0.702s] -- Install configuration: ""
[0.702s] -- Up-to-date: /home/ponwalai/solar_ws/install/solar/share/solar/environment/pythonpath.sh
[0.702s] -- Installing: /home/ponwalai/solar_ws/install/solar/share/solar/environment/pythonpath.dsv
[0.702s] -- Up-to-date: /home/ponwalai/solar_ws/install/solar/local/lib/python3.10/dist-packages/solar-0.0.0-py3.10.egg-info
[0.702s] -- Installing: /home/ponwalai/solar_ws/install/solar/local/lib/python3.10/dist-packages/solar-0.0.0-py3.10.egg-info/PKG-INFO
[0.702s] -- Installing: /home/ponwalai/solar_ws/install/solar/local/lib/python3.10/dist-packages/solar-0.0.0-py3.10.egg-info/top_level.txt
[0.702s] -- Installing: /home/ponwalai/solar_ws/install/solar/local/lib/python3.10/dist-packages/solar-0.0.0-py3.10.egg-info/SOURCES.txt
[0.702s] -- Installing: /home/ponwalai/solar_ws/install/solar/local/lib/python3.10/dist-packages/solar-0.0.0-py3.10.egg-info/dependency_links.txt
[0.702s] -- Up-to-date: /home/ponwalai/solar_ws/install/solar/local/lib/python3.10/dist-packages/solar
[0.702s] -- Up-to-date: /home/ponwalai/solar_ws/install/solar/local/lib/python3.10/dist-packages/solar/__init__.py
[0.703s] -- Up-to-date: /home/ponwalai/solar_ws/install/solar/local/lib/python3.10/dist-packages/solar/dummy_module.py
[0.728s] Listing '/home/ponwalai/solar_ws/install/solar/local/lib/python3.10/dist-packages/solar'...
[0.731s] -- Up-to-date: /home/ponwalai/solar_ws/install/solar/lib/solar/dummy_script.py
[0.731s] -- Installing: /home/ponwalai/solar_ws/install/solar/lib/solar/lidar_read.py
[0.731s] -- Up-to-date: /home/ponwalai/solar_ws/install/solar/lib/solar/cpp_node_test
[0.731s] -- Up-to-date: /home/ponwalai/solar_ws/install/solar/share/solar
[0.732s] -- Up-to-date: /home/ponwalai/solar_ws/install/solar/share/ament_index/resource_index/package_run_dependencies/solar
[0.732s] -- Installing: /home/ponwalai/solar_ws/install/solar/share/ament_index/resource_index/parent_prefix_path/solar
[0.732s] -- Up-to-date: /home/ponwalai/solar_ws/install/solar/share/solar/environment/ament_prefix_path.sh
[0.732s] -- Installing: /home/ponwalai/solar_ws/install/solar/share/solar/environment/ament_prefix_path.dsv
[0.732s] -- Up-to-date: /home/ponwalai/solar_ws/install/solar/share/solar/environment/path.sh
[0.732s] -- Installing: /home/ponwalai/solar_ws/install/solar/share/solar/environment/path.dsv
[0.732s] -- Up-to-date: /home/ponwalai/solar_ws/install/solar/share/solar/local_setup.bash
[0.732s] -- Up-to-date: /home/ponwalai/solar_ws/install/solar/share/solar/local_setup.sh
[0.732s] -- Up-to-date: /home/ponwalai/solar_ws/install/solar/share/solar/local_setup.zsh
[0.732s] -- Installing: /home/ponwalai/solar_ws/install/solar/share/solar/local_setup.dsv
[0.732s] -- Installing: /home/ponwalai/solar_ws/install/solar/share/solar/package.dsv
[0.732s] -- Up-to-date: /home/ponwalai/solar_ws/install/solar/share/ament_index/resource_index/packages/solar
[0.732s] -- Up-to-date: /home/ponwalai/solar_ws/install/solar/share/solar/cmake/solarConfig.cmake
[0.732s] -- Up-to-date: /home/ponwalai/solar_ws/install/solar/share/solar/cmake/solarConfig-version.cmake
[0.732s] -- Up-to-date: /home/ponwalai/solar_ws/install/solar/share/solar/package.xml
[0.733s] Invoked command in '/home/ponwalai/solar_ws/build/solar' returned '0': CMAKE_PREFIX_PATH=${CMAKE_PREFIX_PATH}:/home/ponwalai/ros2_ws/install/launch_testing_examples:/home/ponwalai/ros2_ws/install/examples_rclpy_pointcloud_publisher:/home/ponwalai/ros2_ws/install/examples_rclpy_minimal_subscriber:/home/ponwalai/ros2_ws/install/examples_rclpy_minimal_service:/home/ponwalai/ros2_ws/install/examples_rclpy_minimal_publisher:/home/ponwalai/ros2_ws/install/examples_rclpy_minimal_client:/home/ponwalai/ros2_ws/install/examples_rclpy_minimal_action_server:/home/ponwalai/ros2_ws/install/examples_rclpy_minimal_action_client:/home/ponwalai/ros2_ws/install/examples_rclpy_guard_conditions:/home/ponwalai/ros2_ws/install/examples_rclpy_executors:/opt/ros/humble /usr/bin/cmake --install /home/ponwalai/solar_ws/build/solar
