[0.008s] Invoking command in '/home/ponwalai/solar_ws/build/sllidar_ros2': CMAKE_PREFIX_PATH=${CMAKE_PREFIX_PATH}:/home/ponwalai/ros2_ws/install/launch_testing_examples:/home/ponwalai/ros2_ws/install/examples_rclpy_pointcloud_publisher:/home/ponwalai/ros2_ws/install/examples_rclpy_minimal_subscriber:/home/ponwalai/ros2_ws/install/examples_rclpy_minimal_service:/home/ponwalai/ros2_ws/install/examples_rclpy_minimal_publisher:/home/ponwalai/ros2_ws/install/examples_rclpy_minimal_client:/home/ponwalai/ros2_ws/install/examples_rclpy_minimal_action_server:/home/ponwalai/ros2_ws/install/examples_rclpy_minimal_action_client:/home/ponwalai/ros2_ws/install/examples_rclpy_guard_conditions:/home/ponwalai/ros2_ws/install/examples_rclpy_executors:/opt/ros/humble /usr/bin/cmake /home/ponwalai/solar_ws/src/sllidar_ros2 -DCMAKE_INSTALL_PREFIX=/home/ponwalai/solar_ws/install/sllidar_ros2
[0.017s] -- Found ament_cmake: 1.3.9 (/opt/ros/humble/share/ament_cmake/cmake)
[0.103s] -- Override CMake install command with custom implementation using symlinks instead of copying resources
[0.107s] -- Found rclcpp: 16.0.9 (/opt/ros/humble/share/rclcpp/cmake)
[0.123s] -- Found rosidl_generator_c: 3.1.5 (/opt/ros/humble/share/rosidl_generator_c/cmake)
[0.125s] -- Found rosidl_adapter: 3.1.5 (/opt/ros/humble/share/rosidl_adapter/cmake)
[0.128s] -- Found rosidl_generator_cpp: 3.1.5 (/opt/ros/humble/share/rosidl_generator_cpp/cmake)
[0.135s] -- Using all available rosidl_typesupport_c: rosidl_typesupport_fastrtps_c;rosidl_typesupport_introspection_c
[0.145s] -- Using all available rosidl_typesupport_cpp: rosidl_typesupport_fastrtps_cpp;rosidl_typesupport_introspection_cpp
[0.180s] -- Found rmw_implementation_cmake: 6.1.2 (/opt/ros/humble/share/rmw_implementation_cmake/cmake)
[0.181s] -- Found rmw_fastrtps_cpp: 6.2.6 (/opt/ros/humble/share/rmw_fastrtps_cpp/cmake)
[0.253s] -- Using RMW implementation 'rmw_fastrtps_cpp' as default
[0.345s] -- Found sensor_msgs: 4.2.3 (/opt/ros/humble/share/sensor_msgs/cmake)
[0.419s] -- Found std_srvs: 4.2.3 (/opt/ros/humble/share/std_srvs/cmake)
[0.479s] -- Configuring done
[0.487s] -- Generating done
[0.488s] -- Build files have been written to: /home/ponwalai/solar_ws/build/sllidar_ros2
[0.494s] Invoked command in '/home/ponwalai/solar_ws/build/sllidar_ros2' returned '0': CMAKE_PREFIX_PATH=${CMAKE_PREFIX_PATH}:/home/ponwalai/ros2_ws/install/launch_testing_examples:/home/ponwalai/ros2_ws/install/examples_rclpy_pointcloud_publisher:/home/ponwalai/ros2_ws/install/examples_rclpy_minimal_subscriber:/home/ponwalai/ros2_ws/install/examples_rclpy_minimal_service:/home/ponwalai/ros2_ws/install/examples_rclpy_minimal_publisher:/home/ponwalai/ros2_ws/install/examples_rclpy_minimal_client:/home/ponwalai/ros2_ws/install/examples_rclpy_minimal_action_server:/home/ponwalai/ros2_ws/install/examples_rclpy_minimal_action_client:/home/ponwalai/ros2_ws/install/examples_rclpy_guard_conditions:/home/ponwalai/ros2_ws/install/examples_rclpy_executors:/opt/ros/humble /usr/bin/cmake /home/ponwalai/solar_ws/src/sllidar_ros2 -DCMAKE_INSTALL_PREFIX=/home/ponwalai/solar_ws/install/sllidar_ros2
[0.494s] Invoking command in '/home/ponwalai/solar_ws/build/sllidar_ros2': CMAKE_PREFIX_PATH=${CMAKE_PREFIX_PATH}:/home/ponwalai/ros2_ws/install/launch_testing_examples:/home/ponwalai/ros2_ws/install/examples_rclpy_pointcloud_publisher:/home/ponwalai/ros2_ws/install/examples_rclpy_minimal_subscriber:/home/ponwalai/ros2_ws/install/examples_rclpy_minimal_service:/home/ponwalai/ros2_ws/install/examples_rclpy_minimal_publisher:/home/ponwalai/ros2_ws/install/examples_rclpy_minimal_client:/home/ponwalai/ros2_ws/install/examples_rclpy_minimal_action_server:/home/ponwalai/ros2_ws/install/examples_rclpy_minimal_action_client:/home/ponwalai/ros2_ws/install/examples_rclpy_guard_conditions:/home/ponwalai/ros2_ws/install/examples_rclpy_executors:/opt/ros/humble /usr/bin/cmake --build /home/ponwalai/solar_ws/build/sllidar_ros2 -- -j16 -l16
[0.519s] [35m[1mConsolidate compiler generated dependencies of target sllidar_client[0m
[0.521s] [35m[1mConsolidate compiler generated dependencies of target sllidar_node[0m
[0.529s] [ 10%] Built target sllidar_client
[0.538s] [100%] Built target sllidar_node
[0.546s] Invoked command in '/home/ponwalai/solar_ws/build/sllidar_ros2' returned '0': CMAKE_PREFIX_PATH=${CMAKE_PREFIX_PATH}:/home/ponwalai/ros2_ws/install/launch_testing_examples:/home/ponwalai/ros2_ws/install/examples_rclpy_pointcloud_publisher:/home/ponwalai/ros2_ws/install/examples_rclpy_minimal_subscriber:/home/ponwalai/ros2_ws/install/examples_rclpy_minimal_service:/home/ponwalai/ros2_ws/install/examples_rclpy_minimal_publisher:/home/ponwalai/ros2_ws/install/examples_rclpy_minimal_client:/home/ponwalai/ros2_ws/install/examples_rclpy_minimal_action_server:/home/ponwalai/ros2_ws/install/examples_rclpy_minimal_action_client:/home/ponwalai/ros2_ws/install/examples_rclpy_guard_conditions:/home/ponwalai/ros2_ws/install/examples_rclpy_executors:/opt/ros/humble /usr/bin/cmake --build /home/ponwalai/solar_ws/build/sllidar_ros2 -- -j16 -l16
[0.601s] Invoking command in '/home/ponwalai/solar_ws/build/sllidar_ros2': CMAKE_PREFIX_PATH=${CMAKE_PREFIX_PATH}:/home/ponwalai/ros2_ws/install/launch_testing_examples:/home/ponwalai/ros2_ws/install/examples_rclpy_pointcloud_publisher:/home/ponwalai/ros2_ws/install/examples_rclpy_minimal_subscriber:/home/ponwalai/ros2_ws/install/examples_rclpy_minimal_service:/home/ponwalai/ros2_ws/install/examples_rclpy_minimal_publisher:/home/ponwalai/ros2_ws/install/examples_rclpy_minimal_client:/home/ponwalai/ros2_ws/install/examples_rclpy_minimal_action_server:/home/ponwalai/ros2_ws/install/examples_rclpy_minimal_action_client:/home/ponwalai/ros2_ws/install/examples_rclpy_guard_conditions:/home/ponwalai/ros2_ws/install/examples_rclpy_executors:/opt/ros/humble /usr/bin/cmake --install /home/ponwalai/solar_ws/build/sllidar_ros2
[0.605s] -- Install configuration: ""
[0.605s] -- Execute custom install script
[0.606s] -- Up-to-date symlink: /home/ponwalai/solar_ws/install/sllidar_ros2/share/sllidar_ros2/launch/sllidar_a1_launch.py
[0.606s] -- Up-to-date symlink: /home/ponwalai/solar_ws/install/sllidar_ros2/share/sllidar_ros2/launch/sllidar_a2m12_launch .py
[0.606s] -- Up-to-date symlink: /home/ponwalai/solar_ws/install/sllidar_ros2/share/sllidar_ros2/launch/sllidar_a2m7_launch.py
[0.606s] -- Up-to-date symlink: /home/ponwalai/solar_ws/install/sllidar_ros2/share/sllidar_ros2/launch/sllidar_a2m8_launch.py
[0.606s] -- Up-to-date symlink: /home/ponwalai/solar_ws/install/sllidar_ros2/share/sllidar_ros2/launch/sllidar_a3_launch.py
[0.606s] -- Up-to-date symlink: /home/ponwalai/solar_ws/install/sllidar_ros2/share/sllidar_ros2/launch/sllidar_c1_launch.py
[0.606s] -- Up-to-date symlink: /home/ponwalai/solar_ws/install/sllidar_ros2/share/sllidar_ros2/launch/sllidar_s1_launch.py
[0.606s] -- Up-to-date symlink: /home/ponwalai/solar_ws/install/sllidar_ros2/share/sllidar_ros2/launch/sllidar_s1_tcp_launch.py
[0.606s] -- Up-to-date symlink: /home/ponwalai/solar_ws/install/sllidar_ros2/share/sllidar_ros2/launch/sllidar_s2_launch.py
[0.606s] -- Up-to-date symlink: /home/ponwalai/solar_ws/install/sllidar_ros2/share/sllidar_ros2/launch/sllidar_s2e_launch.py
[0.606s] -- Up-to-date symlink: /home/ponwalai/solar_ws/install/sllidar_ros2/share/sllidar_ros2/launch/sllidar_s3_launch.py
[0.606s] -- Up-to-date symlink: /home/ponwalai/solar_ws/install/sllidar_ros2/share/sllidar_ros2/launch/sllidar_t1_launch.py
[0.606s] -- Up-to-date symlink: /home/ponwalai/solar_ws/install/sllidar_ros2/share/sllidar_ros2/launch/view_sllidar_a1_launch.py
[0.606s] -- Up-to-date symlink: /home/ponwalai/solar_ws/install/sllidar_ros2/share/sllidar_ros2/launch/view_sllidar_a2m12_launch.py
[0.606s] -- Up-to-date symlink: /home/ponwalai/solar_ws/install/sllidar_ros2/share/sllidar_ros2/launch/view_sllidar_a2m7_launch.py
[0.607s] -- Up-to-date symlink: /home/ponwalai/solar_ws/install/sllidar_ros2/share/sllidar_ros2/launch/view_sllidar_a2m8_launch.py
[0.607s] -- Up-to-date symlink: /home/ponwalai/solar_ws/install/sllidar_ros2/share/sllidar_ros2/launch/view_sllidar_a3_launch.py
[0.607s] -- Up-to-date symlink: /home/ponwalai/solar_ws/install/sllidar_ros2/share/sllidar_ros2/launch/view_sllidar_c1_launch.py
[0.607s] -- Up-to-date symlink: /home/ponwalai/solar_ws/install/sllidar_ros2/share/sllidar_ros2/launch/view_sllidar_s1_launch.py
[0.607s] -- Up-to-date symlink: /home/ponwalai/solar_ws/install/sllidar_ros2/share/sllidar_ros2/launch/view_sllidar_s1_tcp_launch.py
[0.607s] -- Up-to-date symlink: /home/ponwalai/solar_ws/install/sllidar_ros2/share/sllidar_ros2/launch/view_sllidar_s2_launch.py
[0.607s] -- Up-to-date symlink: /home/ponwalai/solar_ws/install/sllidar_ros2/share/sllidar_ros2/launch/view_sllidar_s2e_launch.py
[0.607s] -- Up-to-date symlink: /home/ponwalai/solar_ws/install/sllidar_ros2/share/sllidar_ros2/launch/view_sllidar_s3_launch.py
[0.607s] -- Up-to-date symlink: /home/ponwalai/solar_ws/install/sllidar_ros2/share/sllidar_ros2/launch/view_sllidar_t1_launch.py
[0.607s] -- Up-to-date symlink: /home/ponwalai/solar_ws/install/sllidar_ros2/share/sllidar_ros2/rviz/sllidar_ros2.rviz
[0.607s] -- Up-to-date symlink: /home/ponwalai/solar_ws/install/sllidar_ros2/lib/sllidar_ros2/sllidar_node
[0.607s] -- Up-to-date symlink: /home/ponwalai/solar_ws/install/sllidar_ros2/lib/sllidar_ros2/sllidar_client
[0.607s] -- Up-to-date symlink: /home/ponwalai/solar_ws/install/sllidar_ros2/share/ament_index/resource_index/package_run_dependencies/sllidar_ros2
[0.607s] -- Up-to-date symlink: /home/ponwalai/solar_ws/install/sllidar_ros2/share/ament_index/resource_index/parent_prefix_path/sllidar_ros2
[0.607s] -- Up-to-date symlink: /home/ponwalai/solar_ws/install/sllidar_ros2/share/sllidar_ros2/environment/ament_prefix_path.sh
[0.608s] -- Up-to-date symlink: /home/ponwalai/solar_ws/install/sllidar_ros2/share/sllidar_ros2/environment/ament_prefix_path.dsv
[0.608s] -- Up-to-date symlink: /home/ponwalai/solar_ws/install/sllidar_ros2/share/sllidar_ros2/environment/path.sh
[0.608s] -- Up-to-date symlink: /home/ponwalai/solar_ws/install/sllidar_ros2/share/sllidar_ros2/environment/path.dsv
[0.608s] -- Up-to-date symlink: /home/ponwalai/solar_ws/install/sllidar_ros2/share/sllidar_ros2/local_setup.bash
[0.608s] -- Up-to-date symlink: /home/ponwalai/solar_ws/install/sllidar_ros2/share/sllidar_ros2/local_setup.sh
[0.608s] -- Up-to-date symlink: /home/ponwalai/solar_ws/install/sllidar_ros2/share/sllidar_ros2/local_setup.zsh
[0.608s] -- Up-to-date symlink: /home/ponwalai/solar_ws/install/sllidar_ros2/share/sllidar_ros2/local_setup.dsv
[0.608s] -- Symlinking: /home/ponwalai/solar_ws/install/sllidar_ros2/share/sllidar_ros2/package.dsv
[0.613s] -- Up-to-date symlink: /home/ponwalai/solar_ws/install/sllidar_ros2/share/ament_index/resource_index/packages/sllidar_ros2
[0.613s] -- Up-to-date symlink: /home/ponwalai/solar_ws/install/sllidar_ros2/share/sllidar_ros2/cmake/ament_cmake_export_dependencies-extras.cmake
[0.613s] -- Up-to-date symlink: /home/ponwalai/solar_ws/install/sllidar_ros2/share/sllidar_ros2/cmake/ament_cmake_export_include_directories-extras.cmake
[0.613s] -- Up-to-date symlink: /home/ponwalai/solar_ws/install/sllidar_ros2/share/sllidar_ros2/cmake/sllidar_ros2Config.cmake
[0.614s] -- Up-to-date symlink: /home/ponwalai/solar_ws/install/sllidar_ros2/share/sllidar_ros2/cmake/sllidar_ros2Config-version.cmake
[0.614s] -- Up-to-date symlink: /home/ponwalai/solar_ws/install/sllidar_ros2/share/sllidar_ros2/package.xml
[0.615s] Invoked command in '/home/ponwalai/solar_ws/build/sllidar_ros2' returned '0': CMAKE_PREFIX_PATH=${CMAKE_PREFIX_PATH}:/home/ponwalai/ros2_ws/install/launch_testing_examples:/home/ponwalai/ros2_ws/install/examples_rclpy_pointcloud_publisher:/home/ponwalai/ros2_ws/install/examples_rclpy_minimal_subscriber:/home/ponwalai/ros2_ws/install/examples_rclpy_minimal_service:/home/ponwalai/ros2_ws/install/examples_rclpy_minimal_publisher:/home/ponwalai/ros2_ws/install/examples_rclpy_minimal_client:/home/ponwalai/ros2_ws/install/examples_rclpy_minimal_action_server:/home/ponwalai/ros2_ws/install/examples_rclpy_minimal_action_client:/home/ponwalai/ros2_ws/install/examples_rclpy_guard_conditions:/home/ponwalai/ros2_ws/install/examples_rclpy_executors:/opt/ros/humble /usr/bin/cmake --install /home/ponwalai/solar_ws/build/sllidar_ros2
