[0.008s] Invoking command in '/home/ponwalai/solar_ws/build/solar': CMAKE_PREFIX_PATH=${CMAKE_PREFIX_PATH}:/home/ponwalai/ros2_ws/install/launch_testing_examples:/home/ponwalai/ros2_ws/install/examples_rclpy_pointcloud_publisher:/home/ponwalai/ros2_ws/install/examples_rclpy_minimal_subscriber:/home/ponwalai/ros2_ws/install/examples_rclpy_minimal_service:/home/ponwalai/ros2_ws/install/examples_rclpy_minimal_publisher:/home/ponwalai/ros2_ws/install/examples_rclpy_minimal_client:/home/ponwalai/ros2_ws/install/examples_rclpy_minimal_action_server:/home/ponwalai/ros2_ws/install/examples_rclpy_minimal_action_client:/home/ponwalai/ros2_ws/install/examples_rclpy_guard_conditions:/home/ponwalai/ros2_ws/install/examples_rclpy_executors:/opt/ros/humble /usr/bin/cmake /home/ponwalai/solar_ws/src/solar -DCMAKE_INSTALL_PREFIX=/home/ponwalai/solar_ws/install/solar
[0.044s] -- The C compiler identification is GNU 11.4.0
[0.078s] -- The CXX compiler identification is GNU 11.4.0
[0.082s] -- Detecting C compiler ABI info
[0.125s] -- Detecting C compiler ABI info - done
[0.130s] -- Check for working C compiler: /usr/bin/cc - skipped
[0.130s] -- Detecting C compile features
[0.130s] -- Detecting C compile features - done
[0.132s] -- Detecting CXX compiler ABI info
[0.182s] -- Detecting CXX compiler ABI info - done
[0.186s] -- Check for working CXX compiler: /usr/bin/c++ - skipped
[0.186s] -- Detecting CXX compile features
[0.187s] -- Detecting CXX compile features - done
[0.190s] -- Found ament_cmake: 1.3.9 (/opt/ros/humble/share/ament_cmake/cmake)
[0.304s] -- Found Python3: /usr/bin/python3 (found version "3.10.12") found components: Interpreter 
[0.381s] -- Found rclcpp: 16.0.9 (/opt/ros/humble/share/rclcpp/cmake)
[0.419s] -- Found rosidl_generator_c: 3.1.5 (/opt/ros/humble/share/rosidl_generator_c/cmake)
[0.424s] -- Found rosidl_adapter: 3.1.5 (/opt/ros/humble/share/rosidl_adapter/cmake)
[0.432s] -- Found rosidl_generator_cpp: 3.1.5 (/opt/ros/humble/share/rosidl_generator_cpp/cmake)
[0.443s] -- Using all available rosidl_typesupport_c: rosidl_typesupport_fastrtps_c;rosidl_typesupport_introspection_c
[0.458s] -- Using all available rosidl_typesupport_cpp: rosidl_typesupport_fastrtps_cpp;rosidl_typesupport_introspection_cpp
[0.512s] -- Found rmw_implementation_cmake: 6.1.2 (/opt/ros/humble/share/rmw_implementation_cmake/cmake)
[0.516s] -- Found rmw_fastrtps_cpp: 6.2.6 (/opt/ros/humble/share/rmw_fastrtps_cpp/cmake)
[0.583s] -- Found OpenSSL: /usr/lib/x86_64-linux-gnu/libcrypto.so (found version "3.0.2")  
[0.600s] -- Found FastRTPS: /opt/ros/humble/include  
[0.629s] -- Using RMW implementation 'rmw_fastrtps_cpp' as default
[0.639s] -- Looking for pthread.h
[0.692s] -- Looking for pthread.h - found
[0.693s] -- Performing Test CMAKE_HAVE_LIBC_PTHREAD
[0.764s] -- Performing Test CMAKE_HAVE_LIBC_PTHREAD - Success
[0.765s] -- Found Threads: TRUE  
[0.873s] -- Found rclpy: 3.3.13 (/opt/ros/humble/share/rclpy/cmake)
[0.979s] -- Configuring done
[0.983s] -- Generating done
[0.984s] -- Build files have been written to: /home/ponwalai/solar_ws/build/solar
[0.990s] Invoked command in '/home/ponwalai/solar_ws/build/solar' returned '0': CMAKE_PREFIX_PATH=${CMAKE_PREFIX_PATH}:/home/ponwalai/ros2_ws/install/launch_testing_examples:/home/ponwalai/ros2_ws/install/examples_rclpy_pointcloud_publisher:/home/ponwalai/ros2_ws/install/examples_rclpy_minimal_subscriber:/home/ponwalai/ros2_ws/install/examples_rclpy_minimal_service:/home/ponwalai/ros2_ws/install/examples_rclpy_minimal_publisher:/home/ponwalai/ros2_ws/install/examples_rclpy_minimal_client:/home/ponwalai/ros2_ws/install/examples_rclpy_minimal_action_server:/home/ponwalai/ros2_ws/install/examples_rclpy_minimal_action_client:/home/ponwalai/ros2_ws/install/examples_rclpy_guard_conditions:/home/ponwalai/ros2_ws/install/examples_rclpy_executors:/opt/ros/humble /usr/bin/cmake /home/ponwalai/solar_ws/src/solar -DCMAKE_INSTALL_PREFIX=/home/ponwalai/solar_ws/install/solar
[0.992s] Invoking command in '/home/ponwalai/solar_ws/build/solar': CMAKE_PREFIX_PATH=${CMAKE_PREFIX_PATH}:/home/ponwalai/ros2_ws/install/launch_testing_examples:/home/ponwalai/ros2_ws/install/examples_rclpy_pointcloud_publisher:/home/ponwalai/ros2_ws/install/examples_rclpy_minimal_subscriber:/home/ponwalai/ros2_ws/install/examples_rclpy_minimal_service:/home/ponwalai/ros2_ws/install/examples_rclpy_minimal_publisher:/home/ponwalai/ros2_ws/install/examples_rclpy_minimal_client:/home/ponwalai/ros2_ws/install/examples_rclpy_minimal_action_server:/home/ponwalai/ros2_ws/install/examples_rclpy_minimal_action_client:/home/ponwalai/ros2_ws/install/examples_rclpy_guard_conditions:/home/ponwalai/ros2_ws/install/examples_rclpy_executors:/opt/ros/humble /usr/bin/cmake --build /home/ponwalai/solar_ws/build/solar -- -j16 -l16
[1.035s] [ 50%] [32mBuilding CXX object CMakeFiles/cpp_node_test.dir/src/cpp_node.cpp.o[0m
[1.043s] [ 50%] Built target ament_cmake_python_copy_solar
[1.193s] [100%] [32m[1mLinking CXX executable cpp_node_test[0m
[1.205s] running egg_info
[1.205s] creating solar.egg-info
[1.205s] writing solar.egg-info/PKG-INFO
[1.205s] writing dependency_links to solar.egg-info/dependency_links.txt
[1.205s] writing top-level names to solar.egg-info/top_level.txt
[1.205s] writing manifest file 'solar.egg-info/SOURCES.txt'
[1.208s] reading manifest file 'solar.egg-info/SOURCES.txt'
[1.208s] writing manifest file 'solar.egg-info/SOURCES.txt'
[1.224s] [100%] Built target ament_cmake_python_build_solar_egg
[1.251s] [100%] Built target cpp_node_test
[1.258s] Invoked command in '/home/ponwalai/solar_ws/build/solar' returned '0': CMAKE_PREFIX_PATH=${CMAKE_PREFIX_PATH}:/home/ponwalai/ros2_ws/install/launch_testing_examples:/home/ponwalai/ros2_ws/install/examples_rclpy_pointcloud_publisher:/home/ponwalai/ros2_ws/install/examples_rclpy_minimal_subscriber:/home/ponwalai/ros2_ws/install/examples_rclpy_minimal_service:/home/ponwalai/ros2_ws/install/examples_rclpy_minimal_publisher:/home/ponwalai/ros2_ws/install/examples_rclpy_minimal_client:/home/ponwalai/ros2_ws/install/examples_rclpy_minimal_action_server:/home/ponwalai/ros2_ws/install/examples_rclpy_minimal_action_client:/home/ponwalai/ros2_ws/install/examples_rclpy_guard_conditions:/home/ponwalai/ros2_ws/install/examples_rclpy_executors:/opt/ros/humble /usr/bin/cmake --build /home/ponwalai/solar_ws/build/solar -- -j16 -l16
[1.304s] Invoking command in '/home/ponwalai/solar_ws/build/solar': CMAKE_PREFIX_PATH=${CMAKE_PREFIX_PATH}:/home/ponwalai/ros2_ws/install/launch_testing_examples:/home/ponwalai/ros2_ws/install/examples_rclpy_pointcloud_publisher:/home/ponwalai/ros2_ws/install/examples_rclpy_minimal_subscriber:/home/ponwalai/ros2_ws/install/examples_rclpy_minimal_service:/home/ponwalai/ros2_ws/install/examples_rclpy_minimal_publisher:/home/ponwalai/ros2_ws/install/examples_rclpy_minimal_client:/home/ponwalai/ros2_ws/install/examples_rclpy_minimal_action_server:/home/ponwalai/ros2_ws/install/examples_rclpy_minimal_action_client:/home/ponwalai/ros2_ws/install/examples_rclpy_guard_conditions:/home/ponwalai/ros2_ws/install/examples_rclpy_executors:/opt/ros/humble /usr/bin/cmake --install /home/ponwalai/solar_ws/build/solar
[1.312s] -- Install configuration: ""
[1.312s] -- Installing: /home/ponwalai/solar_ws/install/solar/share/solar/environment/pythonpath.sh
[1.312s] -- Installing: /home/ponwalai/solar_ws/install/solar/share/solar/environment/pythonpath.dsv
[1.312s] -- Installing: /home/ponwalai/solar_ws/install/solar/local/lib/python3.10/dist-packages/solar-0.0.0-py3.10.egg-info
[1.312s] -- Installing: /home/ponwalai/solar_ws/install/solar/local/lib/python3.10/dist-packages/solar-0.0.0-py3.10.egg-info/PKG-INFO
[1.312s] -- Installing: /home/ponwalai/solar_ws/install/solar/local/lib/python3.10/dist-packages/solar-0.0.0-py3.10.egg-info/top_level.txt
[1.312s] -- Installing: /home/ponwalai/solar_ws/install/solar/local/lib/python3.10/dist-packages/solar-0.0.0-py3.10.egg-info/SOURCES.txt
[1.312s] -- Installing: /home/ponwalai/solar_ws/install/solar/local/lib/python3.10/dist-packages/solar-0.0.0-py3.10.egg-info/dependency_links.txt
[1.312s] -- Installing: /home/ponwalai/solar_ws/install/solar/local/lib/python3.10/dist-packages/solar
[1.312s] -- Installing: /home/ponwalai/solar_ws/install/solar/local/lib/python3.10/dist-packages/solar/__init__.py
[1.312s] -- Installing: /home/ponwalai/solar_ws/install/solar/local/lib/python3.10/dist-packages/solar/dummy_module.py
[1.340s] Listing '/home/ponwalai/solar_ws/install/solar/local/lib/python3.10/dist-packages/solar'...
[1.340s] Compiling '/home/ponwalai/solar_ws/install/solar/local/lib/python3.10/dist-packages/solar/__init__.py'...
[1.340s] Compiling '/home/ponwalai/solar_ws/install/solar/local/lib/python3.10/dist-packages/solar/dummy_module.py'...
[1.343s] -- Installing: /home/ponwalai/solar_ws/install/solar/lib/solar/dummy_script.py
[1.343s] -- Installing: /home/ponwalai/solar_ws/install/solar/lib/solar/cpp_node_test
[1.343s] -- Set runtime path of "/home/ponwalai/solar_ws/install/solar/lib/solar/cpp_node_test" to ""
[1.343s] -- Up-to-date: /home/ponwalai/solar_ws/install/solar/share/solar
[1.343s] -- Installing: /home/ponwalai/solar_ws/install/solar/share/ament_index/resource_index/package_run_dependencies/solar
[1.343s] -- Installing: /home/ponwalai/solar_ws/install/solar/share/ament_index/resource_index/parent_prefix_path/solar
[1.343s] -- Installing: /home/ponwalai/solar_ws/install/solar/share/solar/environment/ament_prefix_path.sh
[1.344s] -- Installing: /home/ponwalai/solar_ws/install/solar/share/solar/environment/ament_prefix_path.dsv
[1.344s] -- Installing: /home/ponwalai/solar_ws/install/solar/share/solar/environment/path.sh
[1.344s] -- Installing: /home/ponwalai/solar_ws/install/solar/share/solar/environment/path.dsv
[1.344s] -- Installing: /home/ponwalai/solar_ws/install/solar/share/solar/local_setup.bash
[1.344s] -- Installing: /home/ponwalai/solar_ws/install/solar/share/solar/local_setup.sh
[1.344s] -- Installing: /home/ponwalai/solar_ws/install/solar/share/solar/local_setup.zsh
[1.344s] -- Installing: /home/ponwalai/solar_ws/install/solar/share/solar/local_setup.dsv
[1.344s] -- Installing: /home/ponwalai/solar_ws/install/solar/share/solar/package.dsv
[1.344s] -- Installing: /home/ponwalai/solar_ws/install/solar/share/ament_index/resource_index/packages/solar
[1.344s] -- Installing: /home/ponwalai/solar_ws/install/solar/share/solar/cmake/solarConfig.cmake
[1.344s] -- Installing: /home/ponwalai/solar_ws/install/solar/share/solar/cmake/solarConfig-version.cmake
[1.344s] -- Installing: /home/ponwalai/solar_ws/install/solar/share/solar/package.xml
[1.345s] Invoked command in '/home/ponwalai/solar_ws/build/solar' returned '0': CMAKE_PREFIX_PATH=${CMAKE_PREFIX_PATH}:/home/ponwalai/ros2_ws/install/launch_testing_examples:/home/ponwalai/ros2_ws/install/examples_rclpy_pointcloud_publisher:/home/ponwalai/ros2_ws/install/examples_rclpy_minimal_subscriber:/home/ponwalai/ros2_ws/install/examples_rclpy_minimal_service:/home/ponwalai/ros2_ws/install/examples_rclpy_minimal_publisher:/home/ponwalai/ros2_ws/install/examples_rclpy_minimal_client:/home/ponwalai/ros2_ws/install/examples_rclpy_minimal_action_server:/home/ponwalai/ros2_ws/install/examples_rclpy_minimal_action_client:/home/ponwalai/ros2_ws/install/examples_rclpy_guard_conditions:/home/ponwalai/ros2_ws/install/examples_rclpy_executors:/opt/ros/humble /usr/bin/cmake --install /home/ponwalai/solar_ws/build/solar
