[100%] Built target cpp_node_test
[100%] Built target ament_cmake_python_copy_solar
running egg_info
writing solar.egg-info/PKG-INFO
writing dependency_links to solar.egg-info/dependency_links.txt
writing top-level names to solar.egg-info/top_level.txt
reading manifest file 'solar.egg-info/SOURCES.txt'
writing manifest file 'solar.egg-info/SOURCES.txt'
[100%] Built target ament_cmake_python_build_solar_egg
-- Install configuration: ""
-- Up-to-date: /home/ponwalai/solar_ws/install/solar/share/solar/environment/pythonpath.sh
-- Up-to-date: /home/ponwalai/solar_ws/install/solar/share/solar/environment/pythonpath.dsv
-- Up-to-date: /home/ponwalai/solar_ws/install/solar/local/lib/python3.10/dist-packages/solar-0.0.0-py3.10.egg-info
-- Installing: /home/ponwalai/solar_ws/install/solar/local/lib/python3.10/dist-packages/solar-0.0.0-py3.10.egg-info/PKG-INFO
-- Installing: /home/ponwalai/solar_ws/install/solar/local/lib/python3.10/dist-packages/solar-0.0.0-py3.10.egg-info/top_level.txt
-- Installing: /home/ponwalai/solar_ws/install/solar/local/lib/python3.10/dist-packages/solar-0.0.0-py3.10.egg-info/SOURCES.txt
-- Installing: /home/ponwalai/solar_ws/install/solar/local/lib/python3.10/dist-packages/solar-0.0.0-py3.10.egg-info/dependency_links.txt
-- Up-to-date: /home/ponwalai/solar_ws/install/solar/local/lib/python3.10/dist-packages/solar
-- Up-to-date: /home/ponwalai/solar_ws/install/solar/local/lib/python3.10/dist-packages/solar/__init__.py
-- Up-to-date: /home/ponwalai/solar_ws/install/solar/local/lib/python3.10/dist-packages/solar/dummy_module.py
Listing '/home/ponwalai/solar_ws/install/solar/local/lib/python3.10/dist-packages/solar'...
-- Up-to-date: /home/ponwalai/solar_ws/install/solar/lib/solar/dummy_script.py
-- Installing: /home/ponwalai/solar_ws/install/solar/lib/solar/lidar_read.py
-- Up-to-date: /home/ponwalai/solar_ws/install/solar/lib/solar/cpp_node_test
-- Up-to-date: /home/ponwalai/solar_ws/install/solar/share/solar
-- Up-to-date: /home/ponwalai/solar_ws/install/solar/share/ament_index/resource_index/package_run_dependencies/solar
-- Up-to-date: /home/ponwalai/solar_ws/install/solar/share/ament_index/resource_index/parent_prefix_path/solar
-- Up-to-date: /home/ponwalai/solar_ws/install/solar/share/solar/environment/ament_prefix_path.sh
-- Up-to-date: /home/ponwalai/solar_ws/install/solar/share/solar/environment/ament_prefix_path.dsv
-- Up-to-date: /home/ponwalai/solar_ws/install/solar/share/solar/environment/path.sh
-- Up-to-date: /home/ponwalai/solar_ws/install/solar/share/solar/environment/path.dsv
-- Up-to-date: /home/ponwalai/solar_ws/install/solar/share/solar/local_setup.bash
-- Up-to-date: /home/ponwalai/solar_ws/install/solar/share/solar/local_setup.sh
-- Up-to-date: /home/ponwalai/solar_ws/install/solar/share/solar/local_setup.zsh
-- Up-to-date: /home/ponwalai/solar_ws/install/solar/share/solar/local_setup.dsv
-- Up-to-date: /home/ponwalai/solar_ws/install/solar/share/solar/package.dsv
-- Up-to-date: /home/ponwalai/solar_ws/install/solar/share/ament_index/resource_index/packages/solar
-- Up-to-date: /home/ponwalai/solar_ws/install/solar/share/solar/cmake/solarConfig.cmake
-- Up-to-date: /home/ponwalai/solar_ws/install/solar/share/solar/cmake/solarConfig-version.cmake
-- Up-to-date: /home/ponwalai/solar_ws/install/solar/share/solar/package.xml
