[0.010s] Invoking command in '/home/ponwalai/solar_ws/build/sllidar_ros2': CMAKE_PREFIX_PATH=${CMAKE_PREFIX_PATH}:/home/ponwalai/ros2_ws/install/launch_testing_examples:/home/ponwalai/ros2_ws/install/examples_rclpy_pointcloud_publisher:/home/ponwalai/ros2_ws/install/examples_rclpy_minimal_subscriber:/home/ponwalai/ros2_ws/install/examples_rclpy_minimal_service:/home/ponwalai/ros2_ws/install/examples_rclpy_minimal_publisher:/home/ponwalai/ros2_ws/install/examples_rclpy_minimal_client:/home/ponwalai/ros2_ws/install/examples_rclpy_minimal_action_server:/home/ponwalai/ros2_ws/install/examples_rclpy_minimal_action_client:/home/ponwalai/ros2_ws/install/examples_rclpy_guard_conditions:/home/ponwalai/ros2_ws/install/examples_rclpy_executors:/opt/ros/humble /usr/bin/cmake --build /home/ponwalai/solar_ws/build/sllidar_ros2 -- -j16 -l16
[0.047s] [ 10%] Built target sllidar_client
[0.051s] [100%] Built target sllidar_node
[0.058s] Invoked command in '/home/ponwalai/solar_ws/build/sllidar_ros2' returned '0': CMAKE_PREFIX_PATH=${CMAKE_PREFIX_PATH}:/home/ponwalai/ros2_ws/install/launch_testing_examples:/home/ponwalai/ros2_ws/install/examples_rclpy_pointcloud_publisher:/home/ponwalai/ros2_ws/install/examples_rclpy_minimal_subscriber:/home/ponwalai/ros2_ws/install/examples_rclpy_minimal_service:/home/ponwalai/ros2_ws/install/examples_rclpy_minimal_publisher:/home/ponwalai/ros2_ws/install/examples_rclpy_minimal_client:/home/ponwalai/ros2_ws/install/examples_rclpy_minimal_action_server:/home/ponwalai/ros2_ws/install/examples_rclpy_minimal_action_client:/home/ponwalai/ros2_ws/install/examples_rclpy_guard_conditions:/home/ponwalai/ros2_ws/install/examples_rclpy_executors:/opt/ros/humble /usr/bin/cmake --build /home/ponwalai/solar_ws/build/sllidar_ros2 -- -j16 -l16
[0.115s] Invoking command in '/home/ponwalai/solar_ws/build/sllidar_ros2': CMAKE_PREFIX_PATH=${CMAKE_PREFIX_PATH}:/home/ponwalai/ros2_ws/install/launch_testing_examples:/home/ponwalai/ros2_ws/install/examples_rclpy_pointcloud_publisher:/home/ponwalai/ros2_ws/install/examples_rclpy_minimal_subscriber:/home/ponwalai/ros2_ws/install/examples_rclpy_minimal_service:/home/ponwalai/ros2_ws/install/examples_rclpy_minimal_publisher:/home/ponwalai/ros2_ws/install/examples_rclpy_minimal_client:/home/ponwalai/ros2_ws/install/examples_rclpy_minimal_action_server:/home/ponwalai/ros2_ws/install/examples_rclpy_minimal_action_client:/home/ponwalai/ros2_ws/install/examples_rclpy_guard_conditions:/home/ponwalai/ros2_ws/install/examples_rclpy_executors:/opt/ros/humble /usr/bin/cmake --install /home/ponwalai/solar_ws/build/sllidar_ros2
[0.119s] -- Install configuration: ""
[0.120s] -- Execute custom install script
[0.120s] -- Up-to-date symlink: /home/ponwalai/solar_ws/install/sllidar_ros2/share/sllidar_ros2/launch/sllidar_a1_launch.py
[0.120s] -- Up-to-date symlink: /home/ponwalai/solar_ws/install/sllidar_ros2/share/sllidar_ros2/launch/sllidar_a2m12_launch .py
[0.120s] -- Up-to-date symlink: /home/ponwalai/solar_ws/install/sllidar_ros2/share/sllidar_ros2/launch/sllidar_a2m7_launch.py
[0.120s] -- Up-to-date symlink: /home/ponwalai/solar_ws/install/sllidar_ros2/share/sllidar_ros2/launch/sllidar_a2m8_launch.py
[0.120s] -- Up-to-date symlink: /home/ponwalai/solar_ws/install/sllidar_ros2/share/sllidar_ros2/launch/sllidar_a3_launch.py
[0.120s] -- Up-to-date symlink: /home/ponwalai/solar_ws/install/sllidar_ros2/share/sllidar_ros2/launch/sllidar_c1_launch.py
[0.120s] -- Up-to-date symlink: /home/ponwalai/solar_ws/install/sllidar_ros2/share/sllidar_ros2/launch/sllidar_s1_launch.py
[0.120s] -- Up-to-date symlink: /home/ponwalai/solar_ws/install/sllidar_ros2/share/sllidar_ros2/launch/sllidar_s1_tcp_launch.py
[0.120s] -- Up-to-date symlink: /home/ponwalai/solar_ws/install/sllidar_ros2/share/sllidar_ros2/launch/sllidar_s2_launch.py
[0.120s] -- Up-to-date symlink: /home/ponwalai/solar_ws/install/sllidar_ros2/share/sllidar_ros2/launch/sllidar_s2e_launch.py
[0.120s] -- Up-to-date symlink: /home/ponwalai/solar_ws/install/sllidar_ros2/share/sllidar_ros2/launch/sllidar_s3_launch.py
[0.121s] -- Up-to-date symlink: /home/ponwalai/solar_ws/install/sllidar_ros2/share/sllidar_ros2/launch/sllidar_t1_launch.py
[0.121s] -- Up-to-date symlink: /home/ponwalai/solar_ws/install/sllidar_ros2/share/sllidar_ros2/launch/view_sllidar_a1_launch.py
[0.121s] -- Up-to-date symlink: /home/ponwalai/solar_ws/install/sllidar_ros2/share/sllidar_ros2/launch/view_sllidar_a2m12_launch.py
[0.121s] -- Up-to-date symlink: /home/ponwalai/solar_ws/install/sllidar_ros2/share/sllidar_ros2/launch/view_sllidar_a2m7_launch.py
[0.121s] -- Up-to-date symlink: /home/ponwalai/solar_ws/install/sllidar_ros2/share/sllidar_ros2/launch/view_sllidar_a2m8_launch.py
[0.121s] -- Up-to-date symlink: /home/ponwalai/solar_ws/install/sllidar_ros2/share/sllidar_ros2/launch/view_sllidar_a3_launch.py
[0.121s] -- Up-to-date symlink: /home/ponwalai/solar_ws/install/sllidar_ros2/share/sllidar_ros2/launch/view_sllidar_c1_launch.py
[0.121s] -- Up-to-date symlink: /home/ponwalai/solar_ws/install/sllidar_ros2/share/sllidar_ros2/launch/view_sllidar_s1_launch.py
[0.121s] -- Up-to-date symlink: /home/ponwalai/solar_ws/install/sllidar_ros2/share/sllidar_ros2/launch/view_sllidar_s1_tcp_launch.py
[0.121s] -- Up-to-date symlink: /home/ponwalai/solar_ws/install/sllidar_ros2/share/sllidar_ros2/launch/view_sllidar_s2_launch.py
[0.121s] -- Up-to-date symlink: /home/ponwalai/solar_ws/install/sllidar_ros2/share/sllidar_ros2/launch/view_sllidar_s2e_launch.py
[0.121s] -- Up-to-date symlink: /home/ponwalai/solar_ws/install/sllidar_ros2/share/sllidar_ros2/launch/view_sllidar_s3_launch.py
[0.121s] -- Up-to-date symlink: /home/ponwalai/solar_ws/install/sllidar_ros2/share/sllidar_ros2/launch/view_sllidar_t1_launch.py
[0.121s] -- Up-to-date symlink: /home/ponwalai/solar_ws/install/sllidar_ros2/share/sllidar_ros2/rviz/sllidar_ros2.rviz
[0.121s] -- Up-to-date symlink: /home/ponwalai/solar_ws/install/sllidar_ros2/lib/sllidar_ros2/sllidar_node
[0.121s] -- Up-to-date symlink: /home/ponwalai/solar_ws/install/sllidar_ros2/lib/sllidar_ros2/sllidar_client
[0.122s] -- Up-to-date symlink: /home/ponwalai/solar_ws/install/sllidar_ros2/share/ament_index/resource_index/package_run_dependencies/sllidar_ros2
[0.122s] -- Up-to-date symlink: /home/ponwalai/solar_ws/install/sllidar_ros2/share/ament_index/resource_index/parent_prefix_path/sllidar_ros2
[0.122s] -- Up-to-date symlink: /home/ponwalai/solar_ws/install/sllidar_ros2/share/sllidar_ros2/environment/ament_prefix_path.sh
[0.122s] -- Up-to-date symlink: /home/ponwalai/solar_ws/install/sllidar_ros2/share/sllidar_ros2/environment/ament_prefix_path.dsv
[0.122s] -- Up-to-date symlink: /home/ponwalai/solar_ws/install/sllidar_ros2/share/sllidar_ros2/environment/path.sh
[0.122s] -- Up-to-date symlink: /home/ponwalai/solar_ws/install/sllidar_ros2/share/sllidar_ros2/environment/path.dsv
[0.122s] -- Up-to-date symlink: /home/ponwalai/solar_ws/install/sllidar_ros2/share/sllidar_ros2/local_setup.bash
[0.122s] -- Up-to-date symlink: /home/ponwalai/solar_ws/install/sllidar_ros2/share/sllidar_ros2/local_setup.sh
[0.122s] -- Up-to-date symlink: /home/ponwalai/solar_ws/install/sllidar_ros2/share/sllidar_ros2/local_setup.zsh
[0.122s] -- Up-to-date symlink: /home/ponwalai/solar_ws/install/sllidar_ros2/share/sllidar_ros2/local_setup.dsv
[0.122s] -- Symlinking: /home/ponwalai/solar_ws/install/sllidar_ros2/share/sllidar_ros2/package.dsv
[0.128s] -- Up-to-date symlink: /home/ponwalai/solar_ws/install/sllidar_ros2/share/ament_index/resource_index/packages/sllidar_ros2
[0.128s] -- Up-to-date symlink: /home/ponwalai/solar_ws/install/sllidar_ros2/share/sllidar_ros2/cmake/ament_cmake_export_dependencies-extras.cmake
[0.129s] -- Up-to-date symlink: /home/ponwalai/solar_ws/install/sllidar_ros2/share/sllidar_ros2/cmake/ament_cmake_export_include_directories-extras.cmake
[0.129s] -- Up-to-date symlink: /home/ponwalai/solar_ws/install/sllidar_ros2/share/sllidar_ros2/cmake/sllidar_ros2Config.cmake
[0.129s] -- Up-to-date symlink: /home/ponwalai/solar_ws/install/sllidar_ros2/share/sllidar_ros2/cmake/sllidar_ros2Config-version.cmake
[0.129s] -- Up-to-date symlink: /home/ponwalai/solar_ws/install/sllidar_ros2/share/sllidar_ros2/package.xml
[0.130s] Invoked command in '/home/ponwalai/solar_ws/build/sllidar_ros2' returned '0': CMAKE_PREFIX_PATH=${CMAKE_PREFIX_PATH}:/home/ponwalai/ros2_ws/install/launch_testing_examples:/home/ponwalai/ros2_ws/install/examples_rclpy_pointcloud_publisher:/home/ponwalai/ros2_ws/install/examples_rclpy_minimal_subscriber:/home/ponwalai/ros2_ws/install/examples_rclpy_minimal_service:/home/ponwalai/ros2_ws/install/examples_rclpy_minimal_publisher:/home/ponwalai/ros2_ws/install/examples_rclpy_minimal_client:/home/ponwalai/ros2_ws/install/examples_rclpy_minimal_action_server:/home/ponwalai/ros2_ws/install/examples_rclpy_minimal_action_client:/home/ponwalai/ros2_ws/install/examples_rclpy_guard_conditions:/home/ponwalai/ros2_ws/install/examples_rclpy_executors:/opt/ros/humble /usr/bin/cmake --install /home/ponwalai/solar_ws/build/sllidar_ros2
